{"/Users/jonathangreen/Documents/Rig/rig-frontend/src/App.tsx": {"path":"/Users/jonathangreen/Documents/Rig/rig-frontend/src/App.tsx","statementMap":{"0":{"start":{"line":16,"column":6},"end":{"line":16,"column":null}},"1":{"start":{"line":25,"column":2},"end":{"line":29,"column":null}}},"fnMap":{"0":{"name":"App","decl":{"start":{"line":24,"column":24},"end":{"line":24,"column":30}},"loc":{"start":{"line":24,"column":30},"end":{"line":31,"column":null}},"line":24}},"branchMap":{},"s":{"0":1,"1":0},"f":{"0":0},"b":{},"meta":{"lastBranch":0,"lastFunction":1,"lastStatement":2,"seen":{"s:16:6:16:Infinity":0,"f:24:24:24:30":0,"s:25:2:29:Infinity":1}}}
,"/Users/jonathangreen/Documents/Rig/rig-frontend/src/routes.tsx": {"path":"/Users/jonathangreen/Documents/Rig/rig-frontend/src/routes.tsx","statementMap":{"0":{"start":{"line":26,"column":2},"end":{"line":42,"column":null}},"1":{"start":{"line":58,"column":2},"end":{"line":63,"column":null}},"2":{"start":{"line":73,"column":2},"end":{"line":73,"column":null}},"3":{"start":{"line":91,"column":22},"end":{"line":131,"column":null}},"4":{"start":{"line":98,"column":33},"end":{"line":98,"column":null}},"5":{"start":{"line":105,"column":37},"end":{"line":105,"column":null}},"6":{"start":{"line":108,"column":56},"end":{"line":108,"column":null}},"7":{"start":{"line":111,"column":51},"end":{"line":111,"column":null}},"8":{"start":{"line":112,"column":57},"end":{"line":112,"column":null}},"9":{"start":{"line":115,"column":50},"end":{"line":115,"column":null}},"10":{"start":{"line":116,"column":56},"end":{"line":116,"column":null}},"11":{"start":{"line":119,"column":49},"end":{"line":119,"column":null}},"12":{"start":{"line":120,"column":53},"end":{"line":120,"column":null}},"13":{"start":{"line":123,"column":53},"end":{"line":123,"column":null}},"14":{"start":{"line":128,"column":49},"end":{"line":128,"column":null}}},"fnMap":{"0":{"name":"PageSkeleton","decl":{"start":{"line":25,"column":9},"end":{"line":25,"column":24}},"loc":{"start":{"line":25,"column":24},"end":{"line":44,"column":null}},"line":25},"1":{"name":"RootLayout","decl":{"start":{"line":57,"column":9},"end":{"line":57,"column":22}},"loc":{"start":{"line":57,"column":22},"end":{"line":65,"column":null}},"line":57},"2":{"name":"HydrateFallback","decl":{"start":{"line":72,"column":9},"end":{"line":72,"column":27}},"loc":{"start":{"line":72,"column":27},"end":{"line":74,"column":null}},"line":72},"3":{"name":"(anonymous_3)","decl":{"start":{"line":98,"column":27},"end":{"line":98,"column":33}},"loc":{"start":{"line":98,"column":33},"end":{"line":98,"column":null}},"line":98},"4":{"name":"(anonymous_4)","decl":{"start":{"line":105,"column":31},"end":{"line":105,"column":37}},"loc":{"start":{"line":105,"column":37},"end":{"line":105,"column":null}},"line":105},"5":{"name":"(anonymous_5)","decl":{"start":{"line":108,"column":50},"end":{"line":108,"column":56}},"loc":{"start":{"line":108,"column":56},"end":{"line":108,"column":null}},"line":108},"6":{"name":"(anonymous_6)","decl":{"start":{"line":111,"column":45},"end":{"line":111,"column":51}},"loc":{"start":{"line":111,"column":51},"end":{"line":111,"column":null}},"line":111},"7":{"name":"(anonymous_7)","decl":{"start":{"line":112,"column":51},"end":{"line":112,"column":57}},"loc":{"start":{"line":112,"column":57},"end":{"line":112,"column":null}},"line":112},"8":{"name":"(anonymous_8)","decl":{"start":{"line":115,"column":44},"end":{"line":115,"column":50}},"loc":{"start":{"line":115,"column":50},"end":{"line":115,"column":null}},"line":115},"9":{"name":"(anonymous_9)","decl":{"start":{"line":116,"column":50},"end":{"line":116,"column":56}},"loc":{"start":{"line":116,"column":56},"end":{"line":116,"column":null}},"line":116},"10":{"name":"(anonymous_10)","decl":{"start":{"line":119,"column":43},"end":{"line":119,"column":49}},"loc":{"start":{"line":119,"column":49},"end":{"line":119,"column":null}},"line":119},"11":{"name":"(anonymous_11)","decl":{"start":{"line":120,"column":47},"end":{"line":120,"column":53}},"loc":{"start":{"line":120,"column":53},"end":{"line":120,"column":null}},"line":120},"12":{"name":"(anonymous_12)","decl":{"start":{"line":123,"column":47},"end":{"line":123,"column":53}},"loc":{"start":{"line":123,"column":53},"end":{"line":123,"column":null}},"line":123},"13":{"name":"(anonymous_13)","decl":{"start":{"line":128,"column":43},"end":{"line":128,"column":49}},"loc":{"start":{"line":128,"column":49},"end":{"line":128,"column":null}},"line":128}},"branchMap":{},"s":{"0":0,"1":24,"2":25,"3":1,"4":7,"5":7,"6":3,"7":2,"8":1,"9":2,"10":1,"11":1,"12":1,"13":1,"14":2},"f":{"0":0,"1":24,"2":25,"3":7,"4":7,"5":3,"6":2,"7":1,"8":2,"9":1,"10":1,"11":1,"12":1,"13":2},"b":{},"meta":{"lastBranch":0,"lastFunction":14,"lastStatement":15,"seen":{"f:25:9:25:24":0,"s:26:2:42:Infinity":0,"f:57:9:57:22":1,"s:58:2:63:Infinity":1,"f:72:9:72:27":2,"s:73:2:73:Infinity":2,"s:91:22:131:Infinity":3,"f:98:27:98:33":3,"s:98:33:98:Infinity":4,"f:105:31:105:37":4,"s:105:37:105:Infinity":5,"f:108:50:108:56":5,"s:108:56:108:Infinity":6,"f:111:45:111:51":6,"s:111:51:111:Infinity":7,"f:112:51:112:57":7,"s:112:57:112:Infinity":8,"f:115:44:115:50":8,"s:115:50:115:Infinity":9,"f:116:50:116:56":9,"s:116:56:116:Infinity":10,"f:119:43:119:49":10,"s:119:49:119:Infinity":11,"f:120:47:120:53":11,"s:120:53:120:Infinity":12,"f:123:47:123:53":12,"s:123:53:123:Infinity":13,"f:128:43:128:49":13,"s:128:49:128:Infinity":14}}}
,"/Users/jonathangreen/Documents/Rig/rig-frontend/src/components/RelayStatusBadge.tsx": {"path":"/Users/jonathangreen/Documents/Rig/rig-frontend/src/components/RelayStatusBadge.tsx","statementMap":{"0":{"start":{"line":52,"column":26},"end":{"line":52,"column":null}},"1":{"start":{"line":53,"column":8},"end":{"line":53,"column":null}},"2":{"start":{"line":54,"column":18},"end":{"line":54,"column":null}},"3":{"start":{"line":55,"column":18},"end":{"line":55,"column":null}},"4":{"start":{"line":57,"column":50},"end":{"line":57,"column":null}},"5":{"start":{"line":58,"column":8},"end":{"line":58,"column":null}},"6":{"start":{"line":61,"column":2},"end":{"line":61,"column":null}},"7":{"start":{"line":61,"column":46},"end":{"line":61,"column":null}},"8":{"start":{"line":63,"column":26},"end":{"line":63,"column":null}},"9":{"start":{"line":63,"column":46},"end":{"line":63,"column":68}},"10":{"start":{"line":64,"column":23},"end":{"line":64,"column":null}},"11":{"start":{"line":64,"column":43},"end":{"line":64,"column":64}},"12":{"start":{"line":65,"column":22},"end":{"line":65,"column":null}},"13":{"start":{"line":68,"column":2},"end":{"line":79,"column":null}},"14":{"start":{"line":69,"column":4},"end":{"line":77,"column":null}},"15":{"start":{"line":82,"column":2},"end":{"line":196,"column":null}},"16":{"start":{"line":121,"column":18},"end":{"line":136,"column":null}},"17":{"start":{"line":150,"column":18},"end":{"line":164,"column":null}}},"fnMap":{"0":{"name":"RelayStatusBadge","decl":{"start":{"line":46,"column":16},"end":{"line":46,"column":33}},"loc":{"start":{"line":51,"column":26},"end":{"line":198,"column":null}},"line":51},"1":{"name":"(anonymous_1)","decl":{"start":{"line":63,"column":41},"end":{"line":63,"column":46}},"loc":{"start":{"line":63,"column":46},"end":{"line":63,"column":68}},"line":63},"2":{"name":"(anonymous_2)","decl":{"start":{"line":64,"column":38},"end":{"line":64,"column":43}},"loc":{"start":{"line":64,"column":43},"end":{"line":64,"column":64}},"line":64},"3":{"name":"(anonymous_3)","decl":{"start":{"line":120,"column":37},"end":{"line":120,"column":null}},"loc":{"start":{"line":121,"column":18},"end":{"line":136,"column":null}},"line":121},"4":{"name":"(anonymous_4)","decl":{"start":{"line":149,"column":34},"end":{"line":149,"column":null}},"loc":{"start":{"line":150,"column":18},"end":{"line":164,"column":null}},"line":150}},"branchMap":{"0":{"loc":{"start":{"line":48,"column":2},"end":{"line":48,"column":null}},"type":"default-arg","locations":[{"start":{"line":48,"column":12},"end":{"line":48,"column":null}}],"line":48},"1":{"loc":{"start":{"line":61,"column":2},"end":{"line":61,"column":null}},"type":"if","locations":[{"start":{"line":61,"column":2},"end":{"line":61,"column":null}},{"start":{},"end":{}}],"line":61},"2":{"loc":{"start":{"line":61,"column":6},"end":{"line":61,"column":46}},"type":"binary-expr","locations":[{"start":{"line":61,"column":6},"end":{"line":61,"column":29}},{"start":{"line":61,"column":29},"end":{"line":61,"column":46}}],"line":61},"3":{"loc":{"start":{"line":68,"column":2},"end":{"line":79,"column":null}},"type":"if","locations":[{"start":{"line":68,"column":2},"end":{"line":79,"column":null}},{"start":{},"end":{}}],"line":68},"4":{"loc":{"start":{"line":100,"column":69},"end":{"line":100,"column":95}},"type":"cond-expr","locations":[{"start":{"line":100,"column":78},"end":{"line":100,"column":93}},{"start":{"line":100,"column":93},"end":{"line":100,"column":95}}],"line":100},"5":{"loc":{"start":{"line":114,"column":11},"end":{"line":139,"column":null}},"type":"binary-expr","locations":[{"start":{"line":114,"column":11},"end":{"line":114,"column":null}},{"start":{"line":115,"column":12},"end":{"line":139,"column":null}}],"line":114},"6":{"loc":{"start":{"line":143,"column":11},"end":{"line":167,"column":null}},"type":"binary-expr","locations":[{"start":{"line":143,"column":11},"end":{"line":143,"column":null}},{"start":{"line":144,"column":12},"end":{"line":167,"column":null}}],"line":143},"7":{"loc":{"start":{"line":162,"column":23},"end":{"line":162,"column":null}},"type":"binary-expr","locations":[{"start":{"line":162,"column":23},"end":{"line":162,"column":38}},{"start":{"line":162,"column":38},"end":{"line":162,"column":null}}],"line":162},"8":{"loc":{"start":{"line":171,"column":11},"end":{"line":177,"column":null}},"type":"binary-expr","locations":[{"start":{"line":171,"column":11},"end":{"line":171,"column":null}},{"start":{"line":172,"column":12},"end":{"line":177,"column":null}}],"line":171},"9":{"loc":{"start":{"line":176,"column":28},"end":{"line":176,"column":50}},"type":"binary-expr","locations":[{"start":{"line":176,"column":28},"end":{"line":176,"column":39}},{"start":{"line":176,"column":39},"end":{"line":176,"column":50}}],"line":176},"10":{"loc":{"start":{"line":181,"column":11},"end":{"line":192,"column":null}},"type":"binary-expr","locations":[{"start":{"line":181,"column":11},"end":{"line":181,"column":30}},{"start":{"line":181,"column":30},"end":{"line":181,"column":null}},{"start":{"line":182,"column":12},"end":{"line":192,"column":null}}],"line":181}},"s":{"0":353,"1":353,"2":353,"3":353,"4":353,"5":353,"6":353,"7":1,"8":352,"9":762,"10":352,"11":762,"12":352,"13":352,"14":205,"15":147,"16":274,"17":55},"f":{"0":353,"1":762,"2":762,"3":274,"4":55},"b":{"0":[353],"1":[1,352],"2":[353,352],"3":[205,147],"4":[29,118],"5":[353,147],"6":[353,55],"7":[55,12],"8":[353,145],"9":[145,38],"10":[353,55,17]},"meta":{"lastBranch":11,"lastFunction":5,"lastStatement":18,"seen":{"f:46:16:46:33":0,"b:48:12:48:Infinity":0,"s:52:26:52:Infinity":0,"s:53:8:53:Infinity":1,"s:54:18:54:Infinity":2,"s:55:18:55:Infinity":3,"s:57:50:57:Infinity":4,"s:58:8:58:Infinity":5,"b:61:2:61:Infinity:undefined:undefined:undefined:undefined":1,"s:61:2:61:Infinity":6,"b:61:6:61:29:61:29:61:46":2,"s:61:46:61:Infinity":7,"s:63:26:63:Infinity":8,"f:63:41:63:46":1,"s:63:46:63:68":9,"s:64:23:64:Infinity":10,"f:64:38:64:43":2,"s:64:43:64:64":11,"s:65:22:65:Infinity":12,"b:68:2:79:Infinity:undefined:undefined:undefined:undefined":3,"s:68:2:79:Infinity":13,"s:69:4:77:Infinity":14,"s:82:2:196:Infinity":15,"b:100:78:100:93:100:93:100:95":4,"b:114:11:114:Infinity:115:12:139:Infinity":5,"f:120:37:120:Infinity":3,"s:121:18:136:Infinity":16,"b:143:11:143:Infinity:144:12:167:Infinity":6,"f:149:34:149:Infinity":4,"s:150:18:164:Infinity":17,"b:162:23:162:38:162:38:162:Infinity":7,"b:171:11:171:Infinity:172:12:177:Infinity":8,"b:176:28:176:39:176:39:176:50":9,"b:181:11:181:30:181:30:181:Infinity:182:12:192:Infinity":10}}}
,"/Users/jonathangreen/Documents/Rig/rig-frontend/src/components/layout/AppLayout.tsx": {"path":"/Users/jonathangreen/Documents/Rig/rig-frontend/src/components/layout/AppLayout.tsx","statementMap":{"0":{"start":{"line":17,"column":42},"end":{"line":17,"column":null}},"1":{"start":{"line":19,"column":2},"end":{"line":42,"column":null}},"2":{"start":{"line":21,"column":40},"end":{"line":21,"column":65}}},"fnMap":{"0":{"name":"AppLayout","decl":{"start":{"line":16,"column":16},"end":{"line":16,"column":26}},"loc":{"start":{"line":16,"column":56},"end":{"line":44,"column":null}},"line":16},"1":{"name":"(anonymous_1)","decl":{"start":{"line":21,"column":34},"end":{"line":21,"column":40}},"loc":{"start":{"line":21,"column":40},"end":{"line":21,"column":65}},"line":21}},"branchMap":{},"s":{"0":34,"1":34,"2":1},"f":{"0":34,"1":1},"b":{},"meta":{"lastBranch":0,"lastFunction":2,"lastStatement":3,"seen":{"f:16:16:16:26":0,"s:17:42:17:Infinity":0,"s:19:2:42:Infinity":1,"f:21:34:21:40":1,"s:21:40:21:65":2}}}
,"/Users/jonathangreen/Documents/Rig/rig-frontend/src/components/layout/Footer.tsx": {"path":"/Users/jonathangreen/Documents/Rig/rig-frontend/src/components/layout/Footer.tsx","statementMap":{"0":{"start":{"line":6,"column":2},"end":{"line":16,"column":null}}},"fnMap":{"0":{"name":"Footer","decl":{"start":{"line":5,"column":16},"end":{"line":5,"column":25}},"loc":{"start":{"line":5,"column":25},"end":{"line":18,"column":null}},"line":5}},"branchMap":{},"s":{"0":39},"f":{"0":39},"b":{},"meta":{"lastBranch":0,"lastFunction":1,"lastStatement":1,"seen":{"f:5:16:5:25":0,"s:6:2:16:Infinity":0}}}
,"/Users/jonathangreen/Documents/Rig/rig-frontend/src/components/layout/Header.tsx": {"path":"/Users/jonathangreen/Documents/Rig/rig-frontend/src/components/layout/Header.tsx","statementMap":{"0":{"start":{"line":18,"column":2},"end":{"line":78,"column":null}}},"fnMap":{"0":{"name":"Header","decl":{"start":{"line":17,"column":16},"end":{"line":17,"column":23}},"loc":{"start":{"line":17,"column":60},"end":{"line":80,"column":null}},"line":17}},"branchMap":{"0":{"loc":{"start":{"line":62,"column":13},"end":{"line":73,"column":null}},"type":"binary-expr","locations":[{"start":{"line":62,"column":13},"end":{"line":62,"column":null}},{"start":{"line":63,"column":14},"end":{"line":73,"column":null}}],"line":62}},"s":{"0":50},"f":{"0":50},"b":{"0":[50,37]},"meta":{"lastBranch":1,"lastFunction":1,"lastStatement":1,"seen":{"f:17:16:17:23":0,"s:18:2:78:Infinity":0,"b:62:13:62:Infinity:63:14:73:Infinity":0}}}
,"/Users/jonathangreen/Documents/Rig/rig-frontend/src/components/layout/Sidebar.tsx": {"path":"/Users/jonathangreen/Documents/Rig/rig-frontend/src/components/layout/Sidebar.tsx","statementMap":{"0":{"start":{"line":13,"column":2},"end":{"line":58,"column":null}},"1":{"start":{"line":24,"column":12},"end":{"line":26,"column":null}},"2":{"start":{"line":67,"column":2},"end":{"line":111,"column":null}},"3":{"start":{"line":74,"column":10},"end":{"line":76,"column":null}}},"fnMap":{"0":{"name":"Sidebar","decl":{"start":{"line":12,"column":16},"end":{"line":12,"column":26}},"loc":{"start":{"line":12,"column":26},"end":{"line":60,"column":null}},"line":12},"1":{"name":"(anonymous_1)","decl":{"start":{"line":23,"column":21},"end":{"line":23,"column":22}},"loc":{"start":{"line":24,"column":12},"end":{"line":26,"column":null}},"line":24},"2":{"name":"MobileSidebarContent","decl":{"start":{"line":66,"column":16},"end":{"line":66,"column":39}},"loc":{"start":{"line":66,"column":39},"end":{"line":113,"column":null}},"line":66},"3":{"name":"(anonymous_3)","decl":{"start":{"line":73,"column":19},"end":{"line":73,"column":20}},"loc":{"start":{"line":74,"column":10},"end":{"line":76,"column":null}},"line":74}},"branchMap":{"0":{"loc":{"start":{"line":25,"column":14},"end":{"line":25,"column":null}},"type":"cond-expr","locations":[{"start":{"line":25,"column":25},"end":{"line":25,"column":62}},{"start":{"line":25,"column":62},"end":{"line":25,"column":null}}],"line":25},"1":{"loc":{"start":{"line":75,"column":12},"end":{"line":75,"column":null}},"type":"cond-expr","locations":[{"start":{"line":75,"column":23},"end":{"line":75,"column":60}},{"start":{"line":75,"column":60},"end":{"line":75,"column":null}}],"line":75}},"s":{"0":43,"1":48,"2":7,"3":7},"f":{"0":43,"1":48,"2":7,"3":7},"b":{"0":[24,24],"1":[7,0]},"meta":{"lastBranch":2,"lastFunction":4,"lastStatement":4,"seen":{"f:12:16:12:26":0,"s:13:2:58:Infinity":0,"f:23:21:23:22":1,"s:24:12:26:Infinity":1,"b:25:25:25:62:25:62:25:Infinity":0,"f:66:16:66:39":2,"s:67:2:111:Infinity":2,"f:73:19:73:20":3,"s:74:10:76:Infinity":3,"b:75:23:75:60:75:60:75:Infinity":1}}}
,"/Users/jonathangreen/Documents/Rig/rig-frontend/src/components/layout/ThemeToggle.tsx": {"path":"/Users/jonathangreen/Documents/Rig/rig-frontend/src/components/layout/ThemeToggle.tsx","statementMap":{"0":{"start":{"line":16,"column":41},"end":{"line":16,"column":null}},"1":{"start":{"line":18,"column":2},"end":{"line":61,"column":null}},"2":{"start":{"line":37,"column":25},"end":{"line":37,"column":null}},"3":{"start":{"line":45,"column":25},"end":{"line":45,"column":null}},"4":{"start":{"line":53,"column":25},"end":{"line":53,"column":null}}},"fnMap":{"0":{"name":"ThemeToggle","decl":{"start":{"line":15,"column":16},"end":{"line":15,"column":30}},"loc":{"start":{"line":15,"column":30},"end":{"line":63,"column":null}},"line":15},"1":{"name":"(anonymous_1)","decl":{"start":{"line":37,"column":19},"end":{"line":37,"column":25}},"loc":{"start":{"line":37,"column":25},"end":{"line":37,"column":null}},"line":37},"2":{"name":"(anonymous_2)","decl":{"start":{"line":45,"column":19},"end":{"line":45,"column":25}},"loc":{"start":{"line":45,"column":25},"end":{"line":45,"column":null}},"line":45},"3":{"name":"(anonymous_3)","decl":{"start":{"line":53,"column":19},"end":{"line":53,"column":25}},"loc":{"start":{"line":53,"column":25},"end":{"line":53,"column":null}},"line":53}},"branchMap":{"0":{"loc":{"start":{"line":27,"column":11},"end":{"line":30,"column":null}},"type":"cond-expr","locations":[{"start":{"line":28,"column":12},"end":{"line":28,"column":null}},{"start":{"line":30,"column":12},"end":{"line":30,"column":null}}],"line":27},"1":{"loc":{"start":{"line":39,"column":24},"end":{"line":39,"column":null}},"type":"cond-expr","locations":[{"start":{"line":39,"column":44},"end":{"line":39,"column":53}},{"start":{"line":39,"column":53},"end":{"line":39,"column":null}}],"line":39},"2":{"loc":{"start":{"line":47,"column":24},"end":{"line":47,"column":null}},"type":"cond-expr","locations":[{"start":{"line":47,"column":43},"end":{"line":47,"column":52}},{"start":{"line":47,"column":52},"end":{"line":47,"column":null}}],"line":47},"3":{"loc":{"start":{"line":55,"column":24},"end":{"line":55,"column":null}},"type":"cond-expr","locations":[{"start":{"line":55,"column":45},"end":{"line":55,"column":54}},{"start":{"line":55,"column":54},"end":{"line":55,"column":null}}],"line":55}},"s":{"0":100,"1":100,"2":0,"3":0,"4":0},"f":{"0":100,"1":0,"2":0,"3":0},"b":{"0":[0,100],"1":[0,100],"2":[0,100],"3":[100,0]},"meta":{"lastBranch":4,"lastFunction":4,"lastStatement":5,"seen":{"f:15:16:15:30":0,"s:16:41:16:Infinity":0,"s:18:2:61:Infinity":1,"b:28:12:28:Infinity:30:12:30:Infinity":0,"f:37:19:37:25":1,"s:37:25:37:Infinity":2,"b:39:44:39:53:39:53:39:Infinity":1,"f:45:19:45:25":2,"s:45:25:45:Infinity":3,"b:47:43:47:52:47:52:47:Infinity":2,"f:53:19:53:25":3,"s:53:25:53:Infinity":4,"b:55:45:55:54:55:54:55:Infinity":3}}}
,"/Users/jonathangreen/Documents/Rig/rig-frontend/src/components/ui/badge.tsx": {"path":"/Users/jonathangreen/Documents/Rig/rig-frontend/src/components/ui/badge.tsx","statementMap":{"0":{"start":{"line":7,"column":6},"end":{"line":27,"column":null}},"1":{"start":{"line":36,"column":15},"end":{"line":36,"column":null}},"2":{"start":{"line":38,"column":2},"end":{"line":44,"column":null}}},"fnMap":{"0":{"name":"Badge","decl":{"start":{"line":29,"column":9},"end":{"line":29,"column":15}},"loc":{"start":{"line":35,"column":62},"end":{"line":46,"column":null}},"line":35}},"branchMap":{"0":{"loc":{"start":{"line":31,"column":2},"end":{"line":31,"column":null}},"type":"default-arg","locations":[{"start":{"line":31,"column":12},"end":{"line":31,"column":null}}],"line":31},"1":{"loc":{"start":{"line":32,"column":2},"end":{"line":32,"column":null}},"type":"default-arg","locations":[{"start":{"line":32,"column":12},"end":{"line":32,"column":null}}],"line":32},"2":{"loc":{"start":{"line":36,"column":15},"end":{"line":36,"column":null}},"type":"cond-expr","locations":[{"start":{"line":36,"column":25},"end":{"line":36,"column":32}},{"start":{"line":36,"column":32},"end":{"line":36,"column":null}}],"line":36}},"s":{"0":9,"1":480,"2":480},"f":{"0":480},"b":{"0":[480],"1":[480],"2":[0,480]},"meta":{"lastBranch":3,"lastFunction":1,"lastStatement":3,"seen":{"s:7:6:27:Infinity":0,"f:29:9:29:15":0,"b:31:12:31:Infinity":0,"b:32:12:32:Infinity":1,"s:36:15:36:Infinity":1,"b:36:25:36:32:36:32:36:Infinity":2,"s:38:2:44:Infinity":2}}}
,"/Users/jonathangreen/Documents/Rig/rig-frontend/src/components/ui/button.tsx": {"path":"/Users/jonathangreen/Documents/Rig/rig-frontend/src/components/ui/button.tsx","statementMap":{"0":{"start":{"line":7,"column":6},"end":{"line":35,"column":null}},"1":{"start":{"line":43,"column":15},"end":{"line":54,"column":null}},"2":{"start":{"line":45,"column":17},"end":{"line":45,"column":null}},"3":{"start":{"line":46,"column":4},"end":{"line":51,"column":null}},"4":{"start":{"line":55,"column":0},"end":{"line":55,"column":null}}},"fnMap":{"0":{"name":"(anonymous_0)","decl":{"start":{"line":44,"column":2},"end":{"line":44,"column":3}},"loc":{"start":{"line":44,"column":68},"end":{"line":53,"column":null}},"line":44}},"branchMap":{"0":{"loc":{"start":{"line":44,"column":31},"end":{"line":44,"column":48}},"type":"default-arg","locations":[{"start":{"line":44,"column":41},"end":{"line":44,"column":48}}],"line":44},"1":{"loc":{"start":{"line":45,"column":17},"end":{"line":45,"column":null}},"type":"cond-expr","locations":[{"start":{"line":45,"column":27},"end":{"line":45,"column":34}},{"start":{"line":45,"column":34},"end":{"line":45,"column":null}}],"line":45}},"s":{"0":11,"1":11,"2":631,"3":631,"4":11},"f":{"0":631},"b":{"0":[631],"1":[12,619]},"meta":{"lastBranch":2,"lastFunction":1,"lastStatement":5,"seen":{"s:7:6:35:Infinity":0,"s:43:15:54:Infinity":1,"f:44:2:44:3":0,"b:44:41:44:48":0,"s:45:17:45:Infinity":2,"b:45:27:45:34:45:34:45:Infinity":1,"s:46:4:51:Infinity":3,"s:55:0:55:Infinity":4}}}
,"/Users/jonathangreen/Documents/Rig/rig-frontend/src/components/ui/card.tsx": {"path":"/Users/jonathangreen/Documents/Rig/rig-frontend/src/components/ui/card.tsx","statementMap":{"0":{"start":{"line":6,"column":2},"end":{"line":14,"column":null}},"1":{"start":{"line":19,"column":2},"end":{"line":27,"column":null}},"2":{"start":{"line":32,"column":2},"end":{"line":37,"column":null}},"3":{"start":{"line":42,"column":2},"end":{"line":47,"column":null}},"4":{"start":{"line":52,"column":2},"end":{"line":60,"column":null}},"5":{"start":{"line":65,"column":2},"end":{"line":70,"column":null}},"6":{"start":{"line":75,"column":2},"end":{"line":80,"column":null}}},"fnMap":{"0":{"name":"Card","decl":{"start":{"line":5,"column":9},"end":{"line":5,"column":14}},"loc":{"start":{"line":5,"column":68},"end":{"line":16,"column":null}},"line":5},"1":{"name":"CardHeader","decl":{"start":{"line":18,"column":9},"end":{"line":18,"column":20}},"loc":{"start":{"line":18,"column":74},"end":{"line":29,"column":null}},"line":18},"2":{"name":"CardTitle","decl":{"start":{"line":31,"column":9},"end":{"line":31,"column":19}},"loc":{"start":{"line":31,"column":73},"end":{"line":39,"column":null}},"line":31},"3":{"name":"CardDescription","decl":{"start":{"line":41,"column":9},"end":{"line":41,"column":25}},"loc":{"start":{"line":41,"column":79},"end":{"line":49,"column":null}},"line":41},"4":{"name":"CardAction","decl":{"start":{"line":51,"column":9},"end":{"line":51,"column":20}},"loc":{"start":{"line":51,"column":74},"end":{"line":62,"column":null}},"line":51},"5":{"name":"CardContent","decl":{"start":{"line":64,"column":9},"end":{"line":64,"column":21}},"loc":{"start":{"line":64,"column":75},"end":{"line":72,"column":null}},"line":64},"6":{"name":"CardFooter","decl":{"start":{"line":74,"column":9},"end":{"line":74,"column":20}},"loc":{"start":{"line":74,"column":74},"end":{"line":82,"column":null}},"line":74}},"branchMap":{},"s":{"0":409,"1":260,"2":0,"3":0,"4":0,"5":409,"6":260},"f":{"0":409,"1":260,"2":0,"3":0,"4":0,"5":409,"6":260},"b":{},"meta":{"lastBranch":0,"lastFunction":7,"lastStatement":7,"seen":{"f:5:9:5:14":0,"s:6:2:14:Infinity":0,"f:18:9:18:20":1,"s:19:2:27:Infinity":1,"f:31:9:31:19":2,"s:32:2:37:Infinity":2,"f:41:9:41:25":3,"s:42:2:47:Infinity":3,"f:51:9:51:20":4,"s:52:2:60:Infinity":4,"f:64:9:64:21":5,"s:65:2:70:Infinity":5,"f:74:9:74:20":6,"s:75:2:80:Infinity":6}}}
,"/Users/jonathangreen/Documents/Rig/rig-frontend/src/components/ui/collapsible.tsx": {"path":"/Users/jonathangreen/Documents/Rig/rig-frontend/src/components/ui/collapsible.tsx","statementMap":{"0":{"start":{"line":3,"column":20},"end":{"line":3,"column":null}},"1":{"start":{"line":5,"column":27},"end":{"line":5,"column":null}},"2":{"start":{"line":7,"column":27},"end":{"line":7,"column":null}}},"fnMap":{},"branchMap":{},"s":{"0":9,"1":9,"2":9},"f":{},"b":{},"meta":{"lastBranch":0,"lastFunction":0,"lastStatement":3,"seen":{"s:3:20:3:Infinity":0,"s:5:27:5:Infinity":1,"s:7:27:7:Infinity":2}}}
,"/Users/jonathangreen/Documents/Rig/rig-frontend/src/components/ui/dropdown-menu.tsx": {"path":"/Users/jonathangreen/Documents/Rig/rig-frontend/src/components/ui/dropdown-menu.tsx","statementMap":{"0":{"start":{"line":12,"column":2},"end":{"line":12,"column":null}},"1":{"start":{"line":18,"column":2},"end":{"line":19,"column":null}},"2":{"start":{"line":26,"column":2},"end":{"line":30,"column":null}},"3":{"start":{"line":39,"column":2},"end":{"line":50,"column":null}},"4":{"start":{"line":57,"column":2},"end":{"line":58,"column":null}},"5":{"start":{"line":71,"column":2},"end":{"line":81,"column":null}},"6":{"start":{"line":91,"column":2},"end":{"line":107,"column":null}},"7":{"start":{"line":114,"column":2},"end":{"line":118,"column":null}},"8":{"start":{"line":127,"column":2},"end":{"line":142,"column":null}},"9":{"start":{"line":153,"column":2},"end":{"line":162,"column":null}},"10":{"start":{"line":170,"column":2},"end":{"line":175,"column":null}},"11":{"start":{"line":183,"column":2},"end":{"line":191,"column":null}},"12":{"start":{"line":198,"column":2},"end":{"line":198,"column":null}},"13":{"start":{"line":209,"column":2},"end":{"line":221,"column":null}},"14":{"start":{"line":229,"column":2},"end":{"line":237,"column":null}}},"fnMap":{"0":{"name":"DropdownMenu","decl":{"start":{"line":9,"column":9},"end":{"line":9,"column":22}},"loc":{"start":{"line":11,"column":60},"end":{"line":13,"column":null}},"line":11},"1":{"name":"DropdownMenuPortal","decl":{"start":{"line":15,"column":9},"end":{"line":15,"column":28}},"loc":{"start":{"line":17,"column":62},"end":{"line":21,"column":null}},"line":17},"2":{"name":"DropdownMenuTrigger","decl":{"start":{"line":23,"column":9},"end":{"line":23,"column":29}},"loc":{"start":{"line":25,"column":63},"end":{"line":32,"column":null}},"line":25},"3":{"name":"DropdownMenuContent","decl":{"start":{"line":34,"column":9},"end":{"line":34,"column":29}},"loc":{"start":{"line":38,"column":63},"end":{"line":52,"column":null}},"line":38},"4":{"name":"DropdownMenuGroup","decl":{"start":{"line":54,"column":9},"end":{"line":54,"column":27}},"loc":{"start":{"line":56,"column":61},"end":{"line":60,"column":null}},"line":56},"5":{"name":"DropdownMenuItem","decl":{"start":{"line":62,"column":9},"end":{"line":62,"column":26}},"loc":{"start":{"line":70,"column":3},"end":{"line":83,"column":null}},"line":70},"6":{"name":"DropdownMenuCheckboxItem","decl":{"start":{"line":85,"column":9},"end":{"line":85,"column":34}},"loc":{"start":{"line":90,"column":68},"end":{"line":109,"column":null}},"line":90},"7":{"name":"DropdownMenuRadioGroup","decl":{"start":{"line":111,"column":9},"end":{"line":111,"column":32}},"loc":{"start":{"line":113,"column":66},"end":{"line":120,"column":null}},"line":113},"8":{"name":"DropdownMenuRadioItem","decl":{"start":{"line":122,"column":9},"end":{"line":122,"column":31}},"loc":{"start":{"line":126,"column":65},"end":{"line":144,"column":null}},"line":126},"9":{"name":"DropdownMenuLabel","decl":{"start":{"line":146,"column":9},"end":{"line":146,"column":27}},"loc":{"start":{"line":152,"column":3},"end":{"line":164,"column":null}},"line":152},"10":{"name":"DropdownMenuSeparator","decl":{"start":{"line":166,"column":9},"end":{"line":166,"column":31}},"loc":{"start":{"line":169,"column":65},"end":{"line":177,"column":null}},"line":169},"11":{"name":"DropdownMenuShortcut","decl":{"start":{"line":179,"column":9},"end":{"line":179,"column":30}},"loc":{"start":{"line":182,"column":33},"end":{"line":193,"column":null}},"line":182},"12":{"name":"DropdownMenuSub","decl":{"start":{"line":195,"column":9},"end":{"line":195,"column":25}},"loc":{"start":{"line":197,"column":59},"end":{"line":199,"column":null}},"line":197},"13":{"name":"DropdownMenuSubTrigger","decl":{"start":{"line":201,"column":9},"end":{"line":201,"column":32}},"loc":{"start":{"line":208,"column":3},"end":{"line":223,"column":null}},"line":208},"14":{"name":"DropdownMenuSubContent","decl":{"start":{"line":225,"column":9},"end":{"line":225,"column":32}},"loc":{"start":{"line":228,"column":66},"end":{"line":239,"column":null}},"line":228}},"branchMap":{"0":{"loc":{"start":{"line":36,"column":2},"end":{"line":36,"column":null}},"type":"default-arg","locations":[{"start":{"line":36,"column":15},"end":{"line":36,"column":null}}],"line":36},"1":{"loc":{"start":{"line":65,"column":2},"end":{"line":65,"column":null}},"type":"default-arg","locations":[{"start":{"line":65,"column":12},"end":{"line":65,"column":null}}],"line":65}},"s":{"0":100,"1":0,"2":100,"3":100,"4":0,"5":0,"6":0,"7":0,"8":0,"9":0,"10":0,"11":0,"12":0,"13":0,"14":0},"f":{"0":100,"1":0,"2":100,"3":100,"4":0,"5":0,"6":0,"7":0,"8":0,"9":0,"10":0,"11":0,"12":0,"13":0,"14":0},"b":{"0":[100],"1":[0]},"meta":{"lastBranch":2,"lastFunction":15,"lastStatement":15,"seen":{"f:9:9:9:22":0,"s:12:2:12:Infinity":0,"f:15:9:15:28":1,"s:18:2:19:Infinity":1,"f:23:9:23:29":2,"s:26:2:30:Infinity":2,"f:34:9:34:29":3,"b:36:15:36:Infinity":0,"s:39:2:50:Infinity":3,"f:54:9:54:27":4,"s:57:2:58:Infinity":4,"f:62:9:62:26":5,"b:65:12:65:Infinity":1,"s:71:2:81:Infinity":5,"f:85:9:85:34":6,"s:91:2:107:Infinity":6,"f:111:9:111:32":7,"s:114:2:118:Infinity":7,"f:122:9:122:31":8,"s:127:2:142:Infinity":8,"f:146:9:146:27":9,"s:153:2:162:Infinity":9,"f:166:9:166:31":10,"s:170:2:175:Infinity":10,"f:179:9:179:30":11,"s:183:2:191:Infinity":11,"f:195:9:195:25":12,"s:198:2:198:Infinity":12,"f:201:9:201:32":13,"s:209:2:221:Infinity":13,"f:225:9:225:32":14,"s:229:2:237:Infinity":14}}}
,"/Users/jonathangreen/Documents/Rig/rig-frontend/src/components/ui/error-boundary.tsx": {"path":"/Users/jonathangreen/Documents/Rig/rig-frontend/src/components/ui/error-boundary.tsx","statementMap":{"0":{"start":{"line":51,"column":16},"end":{"line":59,"column":null}},"1":{"start":{"line":31,"column":4},"end":{"line":31,"column":null}},"2":{"start":{"line":32,"column":4},"end":{"line":35,"column":null}},"3":{"start":{"line":40,"column":4},"end":{"line":43,"column":null}},"4":{"start":{"line":48,"column":4},"end":{"line":48,"column":null}},"5":{"start":{"line":53,"column":4},"end":{"line":53,"column":null}},"6":{"start":{"line":55,"column":4},"end":{"line":58,"column":null}},"7":{"start":{"line":62,"column":4},"end":{"line":87,"column":null}},"8":{"start":{"line":64,"column":6},"end":{"line":66,"column":null}},"9":{"start":{"line":65,"column":8},"end":{"line":65,"column":null}},"10":{"start":{"line":69,"column":6},"end":{"line":85,"column":null}},"11":{"start":{"line":89,"column":4},"end":{"line":89,"column":null}}},"fnMap":{"0":{"name":"(anonymous_0)","decl":{"start":{"line":30,"column":2},"end":{"line":30,"column":14}},"loc":{"start":{"line":30,"column":41},"end":{"line":36,"column":null}},"line":30},"1":{"name":"(anonymous_1)","decl":{"start":{"line":38,"column":9},"end":{"line":38,"column":34}},"loc":{"start":{"line":38,"column":68},"end":{"line":44,"column":null}},"line":38},"2":{"name":"(anonymous_2)","decl":{"start":{"line":46,"column":2},"end":{"line":46,"column":20}},"loc":{"start":{"line":46,"column":68},"end":{"line":49,"column":null}},"line":46},"3":{"name":"(anonymous_3)","decl":{"start":{"line":51,"column":16},"end":{"line":51,"column":28}},"loc":{"start":{"line":51,"column":28},"end":{"line":59,"column":null}},"line":51},"4":{"name":"(anonymous_4)","decl":{"start":{"line":61,"column":2},"end":{"line":61,"column":28}},"loc":{"start":{"line":61,"column":28},"end":{"line":90,"column":null}},"line":61}},"branchMap":{"0":{"loc":{"start":{"line":62,"column":4},"end":{"line":87,"column":null}},"type":"if","locations":[{"start":{"line":62,"column":4},"end":{"line":87,"column":null}},{"start":{},"end":{}}],"line":62},"1":{"loc":{"start":{"line":64,"column":6},"end":{"line":66,"column":null}},"type":"if","locations":[{"start":{"line":64,"column":6},"end":{"line":66,"column":null}},{"start":{},"end":{}}],"line":64},"2":{"loc":{"start":{"line":76,"column":15},"end":{"line":76,"column":null}},"type":"binary-expr","locations":[{"start":{"line":76,"column":15},"end":{"line":76,"column":44}},{"start":{"line":76,"column":44},"end":{"line":76,"column":null}}],"line":76}},"s":{"0":1,"1":14,"2":14,"3":14,"4":7,"5":1,"6":1,"7":29,"8":14,"9":2,"10":12,"11":15},"f":{"0":14,"1":1,"2":7,"3":1,"4":29},"b":{"0":[14,15],"1":[2,12],"2":[12,0]},"meta":{"lastBranch":3,"lastFunction":5,"lastStatement":12,"seen":{"s:51:16:59:Infinity":0,"f:30:2:30:14":0,"s:31:4:31:Infinity":1,"s:32:4:35:Infinity":2,"f:38:9:38:34":1,"s:40:4:43:Infinity":3,"f:46:2:46:20":2,"s:48:4:48:Infinity":4,"f:51:16:51:28":3,"s:53:4:53:Infinity":5,"s:55:4:58:Infinity":6,"f:61:2:61:28":4,"b:62:4:87:Infinity:undefined:undefined:undefined:undefined":0,"s:62:4:87:Infinity":7,"b:64:6:66:Infinity:undefined:undefined:undefined:undefined":1,"s:64:6:66:Infinity":8,"s:65:8:65:Infinity":9,"s:69:6:85:Infinity":10,"b:76:15:76:44:76:44:76:Infinity":2,"s:89:4:89:Infinity":11}}}
,"/Users/jonathangreen/Documents/Rig/rig-frontend/src/components/ui/input.tsx": {"path":"/Users/jonathangreen/Documents/Rig/rig-frontend/src/components/ui/input.tsx","statementMap":{"0":{"start":{"line":6,"column":2},"end":{"line":17,"column":null}}},"fnMap":{"0":{"name":"Input","decl":{"start":{"line":5,"column":9},"end":{"line":5,"column":15}},"loc":{"start":{"line":5,"column":77},"end":{"line":19,"column":null}},"line":5}},"branchMap":{},"s":{"0":147},"f":{"0":147},"b":{},"meta":{"lastBranch":0,"lastFunction":1,"lastStatement":1,"seen":{"f:5:9:5:15":0,"s:6:2:17:Infinity":0}}}
,"/Users/jonathangreen/Documents/Rig/rig-frontend/src/components/ui/separator.tsx": {"path":"/Users/jonathangreen/Documents/Rig/rig-frontend/src/components/ui/separator.tsx","statementMap":{"0":{"start":{"line":14,"column":2},"end":{"line":24,"column":null}}},"fnMap":{"0":{"name":"Separator","decl":{"start":{"line":8,"column":9},"end":{"line":8,"column":19}},"loc":{"start":{"line":13,"column":57},"end":{"line":26,"column":null}},"line":13}},"branchMap":{"0":{"loc":{"start":{"line":10,"column":2},"end":{"line":10,"column":null}},"type":"default-arg","locations":[{"start":{"line":10,"column":16},"end":{"line":10,"column":null}}],"line":10},"1":{"loc":{"start":{"line":11,"column":2},"end":{"line":11,"column":null}},"type":"default-arg","locations":[{"start":{"line":11,"column":15},"end":{"line":11,"column":null}}],"line":11}},"s":{"0":88},"f":{"0":88},"b":{"0":[88],"1":[88]},"meta":{"lastBranch":2,"lastFunction":1,"lastStatement":1,"seen":{"f:8:9:8:19":0,"b:10:16:10:Infinity":0,"b:11:15:11:Infinity":1,"s:14:2:24:Infinity":0}}}
,"/Users/jonathangreen/Documents/Rig/rig-frontend/src/components/ui/sheet.tsx": {"path":"/Users/jonathangreen/Documents/Rig/rig-frontend/src/components/ui/sheet.tsx","statementMap":{"0":{"start":{"line":10,"column":2},"end":{"line":10,"column":null}},"1":{"start":{"line":16,"column":2},"end":{"line":16,"column":null}},"2":{"start":{"line":22,"column":2},"end":{"line":22,"column":null}},"3":{"start":{"line":28,"column":2},"end":{"line":28,"column":null}},"4":{"start":{"line":35,"column":2},"end":{"line":43,"column":null}},"5":{"start":{"line":57,"column":2},"end":{"line":84,"column":null}},"6":{"start":{"line":89,"column":2},"end":{"line":94,"column":null}},"7":{"start":{"line":99,"column":2},"end":{"line":104,"column":null}},"8":{"start":{"line":112,"column":2},"end":{"line":117,"column":null}},"9":{"start":{"line":125,"column":2},"end":{"line":130,"column":null}}},"fnMap":{"0":{"name":"Sheet","decl":{"start":{"line":9,"column":9},"end":{"line":9,"column":15}},"loc":{"start":{"line":9,"column":79},"end":{"line":11,"column":null}},"line":9},"1":{"name":"SheetTrigger","decl":{"start":{"line":13,"column":9},"end":{"line":13,"column":22}},"loc":{"start":{"line":15,"column":56},"end":{"line":17,"column":null}},"line":15},"2":{"name":"SheetClose","decl":{"start":{"line":19,"column":9},"end":{"line":19,"column":20}},"loc":{"start":{"line":21,"column":54},"end":{"line":23,"column":null}},"line":21},"3":{"name":"SheetPortal","decl":{"start":{"line":25,"column":9},"end":{"line":25,"column":21}},"loc":{"start":{"line":27,"column":55},"end":{"line":29,"column":null}},"line":27},"4":{"name":"SheetOverlay","decl":{"start":{"line":31,"column":9},"end":{"line":31,"column":22}},"loc":{"start":{"line":34,"column":56},"end":{"line":45,"column":null}},"line":34},"5":{"name":"SheetContent","decl":{"start":{"line":47,"column":9},"end":{"line":47,"column":22}},"loc":{"start":{"line":56,"column":3},"end":{"line":86,"column":null}},"line":56},"6":{"name":"SheetHeader","decl":{"start":{"line":88,"column":9},"end":{"line":88,"column":21}},"loc":{"start":{"line":88,"column":75},"end":{"line":96,"column":null}},"line":88},"7":{"name":"SheetFooter","decl":{"start":{"line":98,"column":9},"end":{"line":98,"column":21}},"loc":{"start":{"line":98,"column":75},"end":{"line":106,"column":null}},"line":98},"8":{"name":"SheetTitle","decl":{"start":{"line":108,"column":9},"end":{"line":108,"column":20}},"loc":{"start":{"line":111,"column":54},"end":{"line":119,"column":null}},"line":111},"9":{"name":"SheetDescription","decl":{"start":{"line":121,"column":9},"end":{"line":121,"column":26}},"loc":{"start":{"line":124,"column":60},"end":{"line":132,"column":null}},"line":124}},"branchMap":{"0":{"loc":{"start":{"line":50,"column":2},"end":{"line":50,"column":null}},"type":"default-arg","locations":[{"start":{"line":50,"column":9},"end":{"line":50,"column":null}}],"line":50},"1":{"loc":{"start":{"line":51,"column":2},"end":{"line":51,"column":null}},"type":"default-arg","locations":[{"start":{"line":51,"column":20},"end":{"line":51,"column":null}}],"line":51},"2":{"loc":{"start":{"line":64,"column":10},"end":{"line":65,"column":null}},"type":"binary-expr","locations":[{"start":{"line":64,"column":10},"end":{"line":64,"column":null}},{"start":{"line":65,"column":12},"end":{"line":65,"column":null}}],"line":64},"3":{"loc":{"start":{"line":66,"column":10},"end":{"line":67,"column":null}},"type":"binary-expr","locations":[{"start":{"line":66,"column":10},"end":{"line":66,"column":null}},{"start":{"line":67,"column":12},"end":{"line":67,"column":null}}],"line":66},"4":{"loc":{"start":{"line":68,"column":10},"end":{"line":69,"column":null}},"type":"binary-expr","locations":[{"start":{"line":68,"column":10},"end":{"line":68,"column":null}},{"start":{"line":69,"column":12},"end":{"line":69,"column":null}}],"line":68},"5":{"loc":{"start":{"line":70,"column":10},"end":{"line":71,"column":null}},"type":"binary-expr","locations":[{"start":{"line":70,"column":10},"end":{"line":70,"column":null}},{"start":{"line":71,"column":12},"end":{"line":71,"column":null}}],"line":70},"6":{"loc":{"start":{"line":77,"column":9},"end":{"line":81,"column":null}},"type":"binary-expr","locations":[{"start":{"line":77,"column":9},"end":{"line":77,"column":null}},{"start":{"line":78,"column":10},"end":{"line":81,"column":null}}],"line":77}},"s":{"0":34,"1":0,"2":0,"3":34,"4":2,"5":34,"6":0,"7":0,"8":1,"9":0},"f":{"0":34,"1":0,"2":0,"3":34,"4":2,"5":34,"6":0,"7":0,"8":1,"9":0},"b":{"0":[34],"1":[34],"2":[34,0],"3":[34,34],"4":[34,0],"5":[34,0],"6":[34,34]},"meta":{"lastBranch":7,"lastFunction":10,"lastStatement":10,"seen":{"f:9:9:9:15":0,"s:10:2:10:Infinity":0,"f:13:9:13:22":1,"s:16:2:16:Infinity":1,"f:19:9:19:20":2,"s:22:2:22:Infinity":2,"f:25:9:25:21":3,"s:28:2:28:Infinity":3,"f:31:9:31:22":4,"s:35:2:43:Infinity":4,"f:47:9:47:22":5,"b:50:9:50:Infinity":0,"b:51:20:51:Infinity":1,"s:57:2:84:Infinity":5,"b:64:10:64:Infinity:65:12:65:Infinity":2,"b:66:10:66:Infinity:67:12:67:Infinity":3,"b:68:10:68:Infinity:69:12:69:Infinity":4,"b:70:10:70:Infinity:71:12:71:Infinity":5,"b:77:9:77:Infinity:78:10:81:Infinity":6,"f:88:9:88:21":6,"s:89:2:94:Infinity":6,"f:98:9:98:21":7,"s:99:2:104:Infinity":7,"f:108:9:108:20":8,"s:112:2:117:Infinity":8,"f:121:9:121:26":9,"s:125:2:130:Infinity":9}}}
,"/Users/jonathangreen/Documents/Rig/rig-frontend/src/components/ui/skeleton.tsx": {"path":"/Users/jonathangreen/Documents/Rig/rig-frontend/src/components/ui/skeleton.tsx","statementMap":{"0":{"start":{"line":7,"column":2},"end":{"line":11,"column":null}}},"fnMap":{"0":{"name":"Skeleton","decl":{"start":{"line":3,"column":9},"end":{"line":3,"column":18}},"loc":{"start":{"line":6,"column":41},"end":{"line":13,"column":null}},"line":6}},"branchMap":{},"s":{"0":3271},"f":{"0":3271},"b":{},"meta":{"lastBranch":0,"lastFunction":1,"lastStatement":1,"seen":{"f:3:9:3:18":0,"s:7:2:11:Infinity":0}}}
,"/Users/jonathangreen/Documents/Rig/rig-frontend/src/components/ui/sonner.tsx": {"path":"/Users/jonathangreen/Documents/Rig/rig-frontend/src/components/ui/sonner.tsx","statementMap":{"0":{"start":{"line":21,"column":24},"end":{"line":21,"column":null}},"1":{"start":{"line":23,"column":2},"end":{"line":45,"column":null}}},"fnMap":{"0":{"name":"Toaster","decl":{"start":{"line":20,"column":9},"end":{"line":20,"column":17}},"loc":{"start":{"line":20,"column":45},"end":{"line":47,"column":null}},"line":20}},"branchMap":{},"s":{"0":0,"1":0},"f":{"0":0},"b":{},"meta":{"lastBranch":0,"lastFunction":1,"lastStatement":2,"seen":{"f:20:9:20:17":0,"s:21:24:21:Infinity":0,"s:23:2:45:Infinity":1}}}
,"/Users/jonathangreen/Documents/Rig/rig-frontend/src/constants/arweave.ts": {"path":"/Users/jonathangreen/Documents/Rig/rig-frontend/src/constants/arweave.ts","statementMap":{"0":{"start":{"line":16,"column":19},"end":{"line":16,"column":null}},"1":{"start":{"line":19,"column":21},"end":{"line":19,"column":null}},"2":{"start":{"line":20,"column":0},"end":{"line":27,"column":null}},"3":{"start":{"line":21,"column":2},"end":{"line":26,"column":null}},"4":{"start":{"line":22,"column":4},"end":{"line":22,"column":null}},"5":{"start":{"line":23,"column":4},"end":{"line":23,"column":null}},"6":{"start":{"line":25,"column":4},"end":{"line":25,"column":null}},"7":{"start":{"line":29,"column":32},"end":{"line":32,"column":null}},"8":{"start":{"line":35,"column":34},"end":{"line":35,"column":null}},"9":{"start":{"line":38,"column":29},"end":{"line":38,"column":null}},"10":{"start":{"line":41,"column":41},"end":{"line":41,"column":null}}},"fnMap":{},"branchMap":{"0":{"loc":{"start":{"line":20,"column":0},"end":{"line":27,"column":null}},"type":"if","locations":[{"start":{"line":20,"column":0},"end":{"line":27,"column":null}},{"start":{},"end":{}}],"line":20}},"s":{"0":2,"1":2,"2":2,"3":0,"4":0,"5":0,"6":0,"7":2,"8":2,"9":2,"10":2},"f":{},"b":{"0":[0,2]},"meta":{"lastBranch":1,"lastFunction":0,"lastStatement":11,"seen":{"s:16:19:16:Infinity":0,"s:19:21:19:Infinity":1,"b:20:0:27:Infinity:undefined:undefined:undefined:undefined":0,"s:20:0:27:Infinity":2,"s:21:2:26:Infinity":3,"s:22:4:22:Infinity":4,"s:23:4:23:Infinity":5,"s:25:4:25:Infinity":6,"s:29:32:32:Infinity":7,"s:35:34:35:Infinity":8,"s:38:29:38:Infinity":9,"s:41:41:41:Infinity":10}}}
,"/Users/jonathangreen/Documents/Rig/rig-frontend/src/constants/cache.ts": {"path":"/Users/jonathangreen/Documents/Rig/rig-frontend/src/constants/cache.ts","statementMap":{"0":{"start":{"line":11,"column":36},"end":{"line":11,"column":null}},"1":{"start":{"line":14,"column":31},"end":{"line":14,"column":null}},"2":{"start":{"line":17,"column":38},"end":{"line":17,"column":null}},"3":{"start":{"line":20,"column":33},"end":{"line":20,"column":null}},"4":{"start":{"line":23,"column":31},"end":{"line":23,"column":null}},"5":{"start":{"line":30,"column":29},"end":{"line":30,"column":null}},"6":{"start":{"line":33,"column":32},"end":{"line":33,"column":null}}},"fnMap":{},"branchMap":{},"s":{"0":3,"1":3,"2":3,"3":3,"4":3,"5":3,"6":3},"f":{},"b":{},"meta":{"lastBranch":0,"lastFunction":0,"lastStatement":7,"seen":{"s:11:36:11:Infinity":0,"s:14:31:14:Infinity":1,"s:17:38:17:Infinity":2,"s:20:33:20:Infinity":3,"s:23:31:23:Infinity":4,"s:30:29:30:Infinity":5,"s:33:32:33:Infinity":6}}}
,"/Users/jonathangreen/Documents/Rig/rig-frontend/src/constants/nostr.ts": {"path":"/Users/jonathangreen/Documents/Rig/rig-frontend/src/constants/nostr.ts","statementMap":{"0":{"start":{"line":9,"column":33},"end":{"line":9,"column":null}},"1":{"start":{"line":12,"column":21},"end":{"line":12,"column":null}},"2":{"start":{"line":15,"column":28},"end":{"line":15,"column":null}},"3":{"start":{"line":18,"column":21},"end":{"line":18,"column":null}},"4":{"start":{"line":21,"column":23},"end":{"line":21,"column":null}},"5":{"start":{"line":24,"column":26},"end":{"line":24,"column":null}},"6":{"start":{"line":27,"column":25},"end":{"line":27,"column":null}},"7":{"start":{"line":30,"column":27},"end":{"line":30,"column":null}},"8":{"start":{"line":33,"column":30},"end":{"line":33,"column":null}},"9":{"start":{"line":36,"column":29},"end":{"line":36,"column":null}},"10":{"start":{"line":39,"column":28},"end":{"line":39,"column":null}},"11":{"start":{"line":48,"column":18},"end":{"line":48,"column":null}},"12":{"start":{"line":49,"column":24},"end":{"line":49,"column":null}},"13":{"start":{"line":50,"column":49},"end":{"line":52,"column":null}},"14":{"start":{"line":51,"column":44},"end":{"line":51,"column":52}}},"fnMap":{"0":{"name":"(anonymous_0)","decl":{"start":{"line":51,"column":29},"end":{"line":51,"column":30}},"loc":{"start":{"line":51,"column":44},"end":{"line":51,"column":52}},"line":51}},"branchMap":{"0":{"loc":{"start":{"line":50,"column":49},"end":{"line":52,"column":null}},"type":"cond-expr","locations":[{"start":{"line":51,"column":4},"end":{"line":51,"column":null}},{"start":{"line":52,"column":4},"end":{"line":52,"column":null}}],"line":50}},"s":{"0":10,"1":10,"2":10,"3":10,"4":10,"5":10,"6":10,"7":10,"8":10,"9":10,"10":10,"11":10,"12":10,"13":10,"14":0},"f":{"0":0},"b":{"0":[0,10]},"meta":{"lastBranch":1,"lastFunction":1,"lastStatement":15,"seen":{"s:9:33:9:Infinity":0,"s:12:21:12:Infinity":1,"s:15:28:15:Infinity":2,"s:18:21:18:Infinity":3,"s:21:23:21:Infinity":4,"s:24:26:24:Infinity":5,"s:27:25:27:Infinity":6,"s:30:27:30:Infinity":7,"s:33:30:33:Infinity":8,"s:36:29:36:Infinity":9,"s:39:28:39:Infinity":10,"s:48:18:48:Infinity":11,"s:49:24:49:Infinity":12,"s:50:49:52:Infinity":13,"b:51:4:51:Infinity:52:4:52:Infinity":0,"f:51:29:51:30":0,"s:51:44:51:52":14}}}
,"/Users/jonathangreen/Documents/Rig/rig-frontend/src/constants/routes.ts": {"path":"/Users/jonathangreen/Documents/Rig/rig-frontend/src/constants/routes.ts","statementMap":{"0":{"start":{"line":21,"column":22},"end":{"line":31,"column":null}},"1":{"start":{"line":43,"column":2},"end":{"line":43,"column":null}},"2":{"start":{"line":58,"column":2},"end":{"line":58,"column":null}},"3":{"start":{"line":80,"column":15},"end":{"line":80,"column":null}},"4":{"start":{"line":82,"column":2},"end":{"line":84,"column":null}},"5":{"start":{"line":83,"column":4},"end":{"line":83,"column":null}},"6":{"start":{"line":87,"column":22},"end":{"line":90,"column":null}},"7":{"start":{"line":89,"column":22},"end":{"line":89,"column":48}},"8":{"start":{"line":92,"column":2},"end":{"line":92,"column":null}},"9":{"start":{"line":106,"column":2},"end":{"line":106,"column":null}},"10":{"start":{"line":121,"column":2},"end":{"line":121,"column":null}},"11":{"start":{"line":135,"column":2},"end":{"line":135,"column":null}},"12":{"start":{"line":150,"column":2},"end":{"line":150,"column":null}},"13":{"start":{"line":164,"column":2},"end":{"line":164,"column":null}},"14":{"start":{"line":179,"column":2},"end":{"line":179,"column":null}},"15":{"start":{"line":192,"column":27},"end":{"line":203,"column":null}}},"fnMap":{"0":{"name":"encodePathSegment","decl":{"start":{"line":42,"column":9},"end":{"line":42,"column":27}},"loc":{"start":{"line":42,"column":52},"end":{"line":44,"column":null}},"line":42},"1":{"name":"buildRepoPath","decl":{"start":{"line":57,"column":16},"end":{"line":57,"column":30}},"loc":{"start":{"line":57,"column":67},"end":{"line":59,"column":null}},"line":57},"2":{"name":"buildFileBrowserPath","decl":{"start":{"line":74,"column":16},"end":{"line":74,"column":null}},"loc":{"start":{"line":79,"column":10},"end":{"line":93,"column":null}},"line":79},"3":{"name":"(anonymous_3)","decl":{"start":{"line":89,"column":9},"end":{"line":89,"column":10}},"loc":{"start":{"line":89,"column":22},"end":{"line":89,"column":48}},"line":89},"4":{"name":"buildCommitHistoryPath","decl":{"start":{"line":105,"column":16},"end":{"line":105,"column":39}},"loc":{"start":{"line":105,"column":76},"end":{"line":107,"column":null}},"line":105},"5":{"name":"buildCommitPath","decl":{"start":{"line":120,"column":16},"end":{"line":120,"column":32}},"loc":{"start":{"line":120,"column":83},"end":{"line":122,"column":null}},"line":120},"6":{"name":"buildIssueListPath","decl":{"start":{"line":134,"column":16},"end":{"line":134,"column":35}},"loc":{"start":{"line":134,"column":72},"end":{"line":136,"column":null}},"line":134},"7":{"name":"buildIssuePath","decl":{"start":{"line":149,"column":16},"end":{"line":149,"column":31}},"loc":{"start":{"line":149,"column":80},"end":{"line":151,"column":null}},"line":149},"8":{"name":"buildPRListPath","decl":{"start":{"line":163,"column":16},"end":{"line":163,"column":32}},"loc":{"start":{"line":163,"column":69},"end":{"line":165,"column":null}},"line":163},"9":{"name":"buildPRPath","decl":{"start":{"line":178,"column":16},"end":{"line":178,"column":28}},"loc":{"start":{"line":178,"column":77},"end":{"line":180,"column":null}},"line":178}},"branchMap":{"0":{"loc":{"start":{"line":82,"column":2},"end":{"line":84,"column":null}},"type":"if","locations":[{"start":{"line":82,"column":2},"end":{"line":84,"column":null}},{"start":{},"end":{}}],"line":82},"1":{"loc":{"start":{"line":82,"column":6},"end":{"line":82,"column":36}},"type":"binary-expr","locations":[{"start":{"line":82,"column":6},"end":{"line":82,"column":19}},{"start":{"line":82,"column":19},"end":{"line":82,"column":36}}],"line":82}},"s":{"0":8,"1":592,"2":264,"3":6,"4":6,"5":3,"6":3,"7":7,"8":3,"9":2,"10":3,"11":2,"12":3,"13":2,"14":3,"15":8},"f":{"0":592,"1":264,"2":6,"3":7,"4":2,"5":3,"6":2,"7":3,"8":2,"9":3},"b":{"0":[3,3],"1":[6,3]},"meta":{"lastBranch":2,"lastFunction":10,"lastStatement":16,"seen":{"s:21:22:31:Infinity":0,"f:42:9:42:27":0,"s:43:2:43:Infinity":1,"f:57:16:57:30":1,"s:58:2:58:Infinity":2,"f:74:16:74:Infinity":2,"s:80:15:80:Infinity":3,"b:82:2:84:Infinity:undefined:undefined:undefined:undefined":0,"s:82:2:84:Infinity":4,"b:82:6:82:19:82:19:82:36":1,"s:83:4:83:Infinity":5,"s:87:22:90:Infinity":6,"f:89:9:89:10":3,"s:89:22:89:48":7,"s:92:2:92:Infinity":8,"f:105:16:105:39":4,"s:106:2:106:Infinity":9,"f:120:16:120:32":5,"s:121:2:121:Infinity":10,"f:134:16:134:35":6,"s:135:2:135:Infinity":11,"f:149:16:149:31":7,"s:150:2:150:Infinity":12,"f:163:16:163:32":8,"s:164:2:164:Infinity":13,"f:178:16:178:28":9,"s:179:2:179:Infinity":14,"s:192:27:203:Infinity":15}}}
,"/Users/jonathangreen/Documents/Rig/rig-frontend/src/contexts/ThemeContext.tsx": {"path":"/Users/jonathangreen/Documents/Rig/rig-frontend/src/contexts/ThemeContext.tsx","statementMap":{"0":{"start":{"line":11,"column":21},"end":{"line":13,"column":null}},"1":{"start":{"line":15,"column":20},"end":{"line":15,"column":null}},"2":{"start":{"line":21,"column":2},"end":{"line":21,"column":null}},"3":{"start":{"line":21,"column":37},"end":{"line":21,"column":null}},"4":{"start":{"line":22,"column":2},"end":{"line":24,"column":null}},"5":{"start":{"line":31,"column":2},"end":{"line":31,"column":null}},"6":{"start":{"line":31,"column":37},"end":{"line":31,"column":null}},"7":{"start":{"line":32,"column":2},"end":{"line":39,"column":null}},"8":{"start":{"line":33,"column":19},"end":{"line":33,"column":null}},"9":{"start":{"line":34,"column":4},"end":{"line":36,"column":null}},"10":{"start":{"line":35,"column":6},"end":{"line":35,"column":null}},"11":{"start":{"line":38,"column":4},"end":{"line":38,"column":null}},"12":{"start":{"line":40,"column":2},"end":{"line":40,"column":null}},"13":{"start":{"line":49,"column":33},"end":{"line":49,"column":null}},"14":{"start":{"line":52,"column":44},"end":{"line":57,"column":null}},"15":{"start":{"line":54,"column":22},"end":{"line":54,"column":null}},"16":{"start":{"line":55,"column":6},"end":{"line":55,"column":null}},"17":{"start":{"line":60,"column":2},"end":{"line":71,"column":null}},"18":{"start":{"line":61,"column":17},"end":{"line":61,"column":null}},"19":{"start":{"line":62,"column":27},"end":{"line":62,"column":null}},"20":{"start":{"line":64,"column":4},"end":{"line":68,"column":null}},"21":{"start":{"line":65,"column":6},"end":{"line":65,"column":null}},"22":{"start":{"line":67,"column":6},"end":{"line":67,"column":null}},"23":{"start":{"line":70,"column":4},"end":{"line":70,"column":null}},"24":{"start":{"line":74,"column":2},"end":{"line":91,"column":null}},"25":{"start":{"line":75,"column":4},"end":{"line":75,"column":null}},"26":{"start":{"line":75,"column":28},"end":{"line":75,"column":null}},"27":{"start":{"line":77,"column":23},"end":{"line":77,"column":null}},"28":{"start":{"line":79,"column":25},"end":{"line":87,"column":null}},"29":{"start":{"line":80,"column":23},"end":{"line":80,"column":null}},"30":{"start":{"line":81,"column":6},"end":{"line":85,"column":null}},"31":{"start":{"line":82,"column":8},"end":{"line":82,"column":null}},"32":{"start":{"line":84,"column":8},"end":{"line":84,"column":null}},"33":{"start":{"line":86,"column":6},"end":{"line":86,"column":null}},"34":{"start":{"line":89,"column":4},"end":{"line":89,"column":null}},"35":{"start":{"line":90,"column":4},"end":{"line":90,"column":null}},"36":{"start":{"line":90,"column":17},"end":{"line":90,"column":null}},"37":{"start":{"line":93,"column":19},"end":{"line":100,"column":null}},"38":{"start":{"line":94,"column":4},"end":{"line":94,"column":null}},"39":{"start":{"line":95,"column":4},"end":{"line":99,"column":null}},"40":{"start":{"line":96,"column":6},"end":{"line":96,"column":null}},"41":{"start":{"line":98,"column":6},"end":{"line":98,"column":null}},"42":{"start":{"line":102,"column":16},"end":{"line":105,"column":null}},"43":{"start":{"line":103,"column":11},"end":{"line":103,"column":null}},"44":{"start":{"line":107,"column":2},"end":{"line":107,"column":null}},"45":{"start":{"line":116,"column":18},"end":{"line":116,"column":null}},"46":{"start":{"line":117,"column":2},"end":{"line":119,"column":null}},"47":{"start":{"line":118,"column":4},"end":{"line":118,"column":null}},"48":{"start":{"line":120,"column":2},"end":{"line":120,"column":null}}},"fnMap":{"0":{"name":"getSystemTheme","decl":{"start":{"line":20,"column":9},"end":{"line":20,"column":44}},"loc":{"start":{"line":20,"column":44},"end":{"line":25,"column":null}},"line":20},"1":{"name":"getStoredTheme","decl":{"start":{"line":30,"column":9},"end":{"line":30,"column":33}},"loc":{"start":{"line":30,"column":33},"end":{"line":41,"column":null}},"line":30},"2":{"name":"ThemeProvider","decl":{"start":{"line":48,"column":16},"end":{"line":48,"column":30}},"loc":{"start":{"line":48,"column":75},"end":{"line":108,"column":null}},"line":48},"3":{"name":"(anonymous_3)","decl":{"start":{"line":53,"column":4},"end":{"line":53,"column":10}},"loc":{"start":{"line":53,"column":10},"end":{"line":56,"column":null}},"line":53},"4":{"name":"(anonymous_4)","decl":{"start":{"line":60,"column":18},"end":{"line":60,"column":24}},"loc":{"start":{"line":60,"column":24},"end":{"line":71,"column":5}},"line":60},"5":{"name":"(anonymous_5)","decl":{"start":{"line":74,"column":18},"end":{"line":74,"column":24}},"loc":{"start":{"line":74,"column":24},"end":{"line":91,"column":5}},"line":74},"6":{"name":"(anonymous_6)","decl":{"start":{"line":79,"column":25},"end":{"line":79,"column":26}},"loc":{"start":{"line":79,"column":53},"end":{"line":87,"column":null}},"line":79},"7":{"name":"(anonymous_7)","decl":{"start":{"line":90,"column":11},"end":{"line":90,"column":17}},"loc":{"start":{"line":90,"column":17},"end":{"line":90,"column":null}},"line":90},"8":{"name":"(anonymous_8)","decl":{"start":{"line":93,"column":37},"end":{"line":93,"column":38}},"loc":{"start":{"line":93,"column":58},"end":{"line":100,"column":5}},"line":93},"9":{"name":"(anonymous_9)","decl":{"start":{"line":103,"column":4},"end":{"line":103,"column":11}},"loc":{"start":{"line":103,"column":11},"end":{"line":103,"column":null}},"line":103},"10":{"name":"useTheme","decl":{"start":{"line":115,"column":16},"end":{"line":115,"column":46}},"loc":{"start":{"line":115,"column":46},"end":{"line":121,"column":null}},"line":115}},"branchMap":{"0":{"loc":{"start":{"line":21,"column":2},"end":{"line":21,"column":null}},"type":"if","locations":[{"start":{"line":21,"column":2},"end":{"line":21,"column":null}},{"start":{},"end":{}}],"line":21},"1":{"loc":{"start":{"line":22,"column":9},"end":{"line":24,"column":null}},"type":"cond-expr","locations":[{"start":{"line":23,"column":6},"end":{"line":23,"column":null}},{"start":{"line":24,"column":6},"end":{"line":24,"column":null}}],"line":22},"2":{"loc":{"start":{"line":31,"column":2},"end":{"line":31,"column":null}},"type":"if","locations":[{"start":{"line":31,"column":2},"end":{"line":31,"column":null}},{"start":{},"end":{}}],"line":31},"3":{"loc":{"start":{"line":34,"column":4},"end":{"line":36,"column":null}},"type":"if","locations":[{"start":{"line":34,"column":4},"end":{"line":36,"column":null}},{"start":{},"end":{}}],"line":34},"4":{"loc":{"start":{"line":34,"column":8},"end":{"line":34,"column":72}},"type":"binary-expr","locations":[{"start":{"line":34,"column":8},"end":{"line":34,"column":30}},{"start":{"line":34,"column":30},"end":{"line":34,"column":51}},{"start":{"line":34,"column":51},"end":{"line":34,"column":72}}],"line":34},"5":{"loc":{"start":{"line":55,"column":13},"end":{"line":55,"column":null}},"type":"cond-expr","locations":[{"start":{"line":55,"column":36},"end":{"line":55,"column":55}},{"start":{"line":55,"column":55},"end":{"line":55,"column":null}}],"line":55},"6":{"loc":{"start":{"line":62,"column":27},"end":{"line":62,"column":null}},"type":"cond-expr","locations":[{"start":{"line":62,"column":48},"end":{"line":62,"column":67}},{"start":{"line":62,"column":67},"end":{"line":62,"column":null}}],"line":62},"7":{"loc":{"start":{"line":64,"column":4},"end":{"line":68,"column":null}},"type":"if","locations":[{"start":{"line":64,"column":4},"end":{"line":68,"column":null}},{"start":{"line":66,"column":11},"end":{"line":68,"column":null}}],"line":64},"8":{"loc":{"start":{"line":75,"column":4},"end":{"line":75,"column":null}},"type":"if","locations":[{"start":{"line":75,"column":4},"end":{"line":75,"column":null}},{"start":{},"end":{}}],"line":75},"9":{"loc":{"start":{"line":80,"column":23},"end":{"line":80,"column":null}},"type":"cond-expr","locations":[{"start":{"line":80,"column":35},"end":{"line":80,"column":44}},{"start":{"line":80,"column":44},"end":{"line":80,"column":null}}],"line":80},"10":{"loc":{"start":{"line":81,"column":6},"end":{"line":85,"column":null}},"type":"if","locations":[{"start":{"line":81,"column":6},"end":{"line":85,"column":null}},{"start":{"line":83,"column":13},"end":{"line":85,"column":null}}],"line":81},"11":{"loc":{"start":{"line":117,"column":2},"end":{"line":119,"column":null}},"type":"if","locations":[{"start":{"line":117,"column":2},"end":{"line":119,"column":null}},{"start":{},"end":{}}],"line":117}},"s":{"0":4,"1":4,"2":116,"3":0,"4":116,"5":118,"6":0,"7":118,"8":118,"9":118,"10":2,"11":0,"12":116,"13":71,"14":71,"15":59,"16":59,"17":71,"18":64,"19":64,"20":64,"21":5,"22":59,"23":64,"24":71,"25":64,"26":6,"27":58,"28":58,"29":2,"30":2,"31":1,"32":1,"33":2,"34":58,"35":58,"36":58,"37":71,"38":5,"39":5,"40":5,"41":0,"42":71,"43":70,"44":71,"45":123,"46":123,"47":2,"48":120},"f":{"0":116,"1":118,"2":71,"3":59,"4":64,"5":64,"6":2,"7":58,"8":5,"9":70,"10":123},"b":{"0":[0,116],"1":[2,114],"2":[0,118],"3":[2,116],"4":[118,118,116],"5":[58,1],"6":[58,6],"7":[5,59],"8":[6,58],"9":[1,1],"10":[1,1],"11":[2,121]},"meta":{"lastBranch":12,"lastFunction":11,"lastStatement":49,"seen":{"s:11:21:13:Infinity":0,"s:15:20:15:Infinity":1,"f:20:9:20:44":0,"b:21:2:21:Infinity:undefined:undefined:undefined:undefined":0,"s:21:2:21:Infinity":2,"s:21:37:21:Infinity":3,"s:22:2:24:Infinity":4,"b:23:6:23:Infinity:24:6:24:Infinity":1,"f:30:9:30:33":1,"b:31:2:31:Infinity:undefined:undefined:undefined:undefined":2,"s:31:2:31:Infinity":5,"s:31:37:31:Infinity":6,"s:32:2:39:Infinity":7,"s:33:19:33:Infinity":8,"b:34:4:36:Infinity:undefined:undefined:undefined:undefined":3,"s:34:4:36:Infinity":9,"b:34:8:34:30:34:30:34:51:34:51:34:72":4,"s:35:6:35:Infinity":10,"s:38:4:38:Infinity":11,"s:40:2:40:Infinity":12,"f:48:16:48:30":2,"s:49:33:49:Infinity":13,"s:52:44:57:Infinity":14,"f:53:4:53:10":3,"s:54:22:54:Infinity":15,"s:55:6:55:Infinity":16,"b:55:36:55:55:55:55:55:Infinity":5,"s:60:2:71:Infinity":17,"f:60:18:60:24":4,"s:61:17:61:Infinity":18,"s:62:27:62:Infinity":19,"b:62:48:62:67:62:67:62:Infinity":6,"b:64:4:68:Infinity:66:11:68:Infinity":7,"s:64:4:68:Infinity":20,"s:65:6:65:Infinity":21,"s:67:6:67:Infinity":22,"s:70:4:70:Infinity":23,"s:74:2:91:Infinity":24,"f:74:18:74:24":5,"b:75:4:75:Infinity:undefined:undefined:undefined:undefined":8,"s:75:4:75:Infinity":25,"s:75:28:75:Infinity":26,"s:77:23:77:Infinity":27,"s:79:25:87:Infinity":28,"f:79:25:79:26":6,"s:80:23:80:Infinity":29,"b:80:35:80:44:80:44:80:Infinity":9,"b:81:6:85:Infinity:83:13:85:Infinity":10,"s:81:6:85:Infinity":30,"s:82:8:82:Infinity":31,"s:84:8:84:Infinity":32,"s:86:6:86:Infinity":33,"s:89:4:89:Infinity":34,"s:90:4:90:Infinity":35,"f:90:11:90:17":7,"s:90:17:90:Infinity":36,"s:93:19:100:Infinity":37,"f:93:37:93:38":8,"s:94:4:94:Infinity":38,"s:95:4:99:Infinity":39,"s:96:6:96:Infinity":40,"s:98:6:98:Infinity":41,"s:102:16:105:Infinity":42,"f:103:4:103:11":9,"s:103:11:103:Infinity":43,"s:107:2:107:Infinity":44,"f:115:16:115:46":10,"s:116:18:116:Infinity":45,"b:117:2:119:Infinity:undefined:undefined:undefined:undefined":11,"s:117:2:119:Infinity":46,"s:118:4:118:Infinity":47,"s:120:2:120:Infinity":48}}}
,"/Users/jonathangreen/Documents/Rig/rig-frontend/src/features/repository/RepoCard.tsx": {"path":"/Users/jonathangreen/Documents/Rig/rig-frontend/src/features/repository/RepoCard.tsx","statementMap":{"0":{"start":{"line":29,"column":34},"end":{"line":29,"column":null}},"1":{"start":{"line":30,"column":36},"end":{"line":30,"column":null}},"2":{"start":{"line":31,"column":26},"end":{"line":31,"column":null}},"3":{"start":{"line":32,"column":8},"end":{"line":32,"column":null}},"4":{"start":{"line":33,"column":8},"end":{"line":33,"column":null}},"5":{"start":{"line":35,"column":2},"end":{"line":53,"column":null}},"6":{"start":{"line":36,"column":15},"end":{"line":36,"column":null}},"7":{"start":{"line":37,"column":4},"end":{"line":37,"column":null}},"8":{"start":{"line":37,"column":13},"end":{"line":37,"column":null}},"9":{"start":{"line":40,"column":6},"end":{"line":42,"column":null}},"10":{"start":{"line":41,"column":8},"end":{"line":41,"column":null}},"11":{"start":{"line":45,"column":4},"end":{"line":45,"column":null}},"12":{"start":{"line":49,"column":21},"end":{"line":49,"column":null}},"13":{"start":{"line":50,"column":4},"end":{"line":50,"column":null}},"14":{"start":{"line":52,"column":4},"end":{"line":52,"column":null}},"15":{"start":{"line":52,"column":17},"end":{"line":52,"column":null}},"16":{"start":{"line":56,"column":2},"end":{"line":62,"column":null}},"17":{"start":{"line":57,"column":4},"end":{"line":61,"column":null}},"18":{"start":{"line":58,"column":6},"end":{"line":60,"column":null}},"19":{"start":{"line":59,"column":8},"end":{"line":59,"column":null}},"20":{"start":{"line":64,"column":8},"end":{"line":75,"column":null}},"21":{"start":{"line":65,"column":4},"end":{"line":74,"column":null}},"22":{"start":{"line":66,"column":6},"end":{"line":66,"column":null}},"23":{"start":{"line":67,"column":6},"end":{"line":67,"column":null}},"24":{"start":{"line":68,"column":6},"end":{"line":70,"column":null}},"25":{"start":{"line":69,"column":8},"end":{"line":69,"column":null}},"26":{"start":{"line":71,"column":6},"end":{"line":71,"column":null}},"27":{"start":{"line":71,"column":48},"end":{"line":71,"column":66}},"28":{"start":{"line":77,"column":8},"end":{"line":77,"column":null}},"29":{"start":{"line":78,"column":18},"end":{"line":78,"column":null}},"30":{"start":{"line":80,"column":2},"end":{"line":203,"column":null}},"31":{"start":{"line":110,"column":33},"end":{"line":110,"column":null}},"32":{"start":{"line":130,"column":18},"end":{"line":132,"column":null}},"33":{"start":{"line":153,"column":16},"end":{"line":158,"column":null}},"34":{"start":{"line":177,"column":31},"end":{"line":177,"column":null}}},"fnMap":{"0":{"name":"RepoCard","decl":{"start":{"line":28,"column":16},"end":{"line":28,"column":25}},"loc":{"start":{"line":28,"column":61},"end":{"line":205,"column":null}},"line":28},"1":{"name":"(anonymous_1)","decl":{"start":{"line":35,"column":12},"end":{"line":35,"column":18}},"loc":{"start":{"line":35,"column":18},"end":{"line":53,"column":5}},"line":35},"2":{"name":"checkTruncation","decl":{"start":{"line":39,"column":13},"end":{"line":39,"column":31}},"loc":{"start":{"line":39,"column":31},"end":{"line":43,"column":null}},"line":39},"3":{"name":"(anonymous_3)","decl":{"start":{"line":52,"column":11},"end":{"line":52,"column":17}},"loc":{"start":{"line":52,"column":17},"end":{"line":52,"column":null}},"line":52},"4":{"name":"(anonymous_4)","decl":{"start":{"line":56,"column":12},"end":{"line":56,"column":18}},"loc":{"start":{"line":56,"column":18},"end":{"line":62,"column":5}},"line":56},"5":{"name":"(anonymous_5)","decl":{"start":{"line":57,"column":11},"end":{"line":57,"column":17}},"loc":{"start":{"line":57,"column":17},"end":{"line":61,"column":null}},"line":57},"6":{"name":"(anonymous_6)","decl":{"start":{"line":64,"column":33},"end":{"line":64,"column":40}},"loc":{"start":{"line":64,"column":56},"end":{"line":75,"column":5}},"line":64},"7":{"name":"(anonymous_7)","decl":{"start":{"line":71,"column":42},"end":{"line":71,"column":48}},"loc":{"start":{"line":71,"column":48},"end":{"line":71,"column":66}},"line":71},"8":{"name":"(anonymous_8)","decl":{"start":{"line":110,"column":27},"end":{"line":110,"column":33}},"loc":{"start":{"line":110,"column":33},"end":{"line":110,"column":null}},"line":110},"9":{"name":"(anonymous_9)","decl":{"start":{"line":129,"column":50},"end":{"line":129,"column":51}},"loc":{"start":{"line":130,"column":18},"end":{"line":132,"column":null}},"line":130},"10":{"name":"(anonymous_10)","decl":{"start":{"line":152,"column":43},"end":{"line":152,"column":44}},"loc":{"start":{"line":153,"column":16},"end":{"line":158,"column":null}},"line":153},"11":{"name":"(anonymous_11)","decl":{"start":{"line":177,"column":25},"end":{"line":177,"column":31}},"loc":{"start":{"line":177,"column":31},"end":{"line":177,"column":null}},"line":177}},"branchMap":{"0":{"loc":{"start":{"line":37,"column":4},"end":{"line":37,"column":null}},"type":"if","locations":[{"start":{"line":37,"column":4},"end":{"line":37,"column":null}},{"start":{},"end":{}}],"line":37},"1":{"loc":{"start":{"line":40,"column":6},"end":{"line":42,"column":null}},"type":"if","locations":[{"start":{"line":40,"column":6},"end":{"line":42,"column":null}},{"start":{},"end":{}}],"line":40},"2":{"loc":{"start":{"line":58,"column":6},"end":{"line":60,"column":null}},"type":"if","locations":[{"start":{"line":58,"column":6},"end":{"line":60,"column":null}},{"start":{},"end":{}}],"line":58},"3":{"loc":{"start":{"line":68,"column":6},"end":{"line":70,"column":null}},"type":"if","locations":[{"start":{"line":68,"column":6},"end":{"line":70,"column":null}},{"start":{},"end":{}}],"line":68},"4":{"loc":{"start":{"line":78,"column":18},"end":{"line":78,"column":null}},"type":"cond-expr","locations":[{"start":{"line":78,"column":44},"end":{"line":78,"column":62}},{"start":{"line":78,"column":62},"end":{"line":78,"column":null}}],"line":78},"5":{"loc":{"start":{"line":97,"column":11},"end":{"line":121,"column":null}},"type":"cond-expr","locations":[{"start":{"line":98,"column":12},"end":{"line":117,"column":null}},{"start":{"line":119,"column":12},"end":{"line":121,"column":null}}],"line":97},"6":{"loc":{"start":{"line":101,"column":76},"end":{"line":101,"column":109}},"type":"cond-expr","locations":[{"start":{"line":101,"column":90},"end":{"line":101,"column":107}},{"start":{"line":101,"column":107},"end":{"line":101,"column":109}}],"line":101},"7":{"loc":{"start":{"line":104,"column":14},"end":{"line":115,"column":null}},"type":"binary-expr","locations":[{"start":{"line":105,"column":16},"end":{"line":105,"column":31}},{"start":{"line":105,"column":31},"end":{"line":105,"column":null}},{"start":{"line":106,"column":16},"end":{"line":115,"column":null}}],"line":104},"8":{"loc":{"start":{"line":114,"column":19},"end":{"line":114,"column":null}},"type":"cond-expr","locations":[{"start":{"line":114,"column":32},"end":{"line":114,"column":46}},{"start":{"line":114,"column":46},"end":{"line":114,"column":null}}],"line":114},"9":{"loc":{"start":{"line":125,"column":11},"end":{"line":140,"column":null}},"type":"binary-expr","locations":[{"start":{"line":125,"column":11},"end":{"line":125,"column":null}},{"start":{"line":126,"column":12},"end":{"line":140,"column":null}}],"line":125},"10":{"loc":{"start":{"line":134,"column":17},"end":{"line":137,"column":null}},"type":"binary-expr","locations":[{"start":{"line":134,"column":17},"end":{"line":134,"column":null}},{"start":{"line":135,"column":18},"end":{"line":137,"column":null}}],"line":134},"11":{"loc":{"start":{"line":150,"column":11},"end":{"line":165,"column":null}},"type":"binary-expr","locations":[{"start":{"line":150,"column":11},"end":{"line":150,"column":null}},{"start":{"line":151,"column":12},"end":{"line":165,"column":null}}],"line":150},"12":{"loc":{"start":{"line":160,"column":15},"end":{"line":163,"column":null}},"type":"binary-expr","locations":[{"start":{"line":160,"column":15},"end":{"line":160,"column":null}},{"start":{"line":161,"column":16},"end":{"line":163,"column":null}}],"line":160},"13":{"loc":{"start":{"line":169,"column":11},"end":{"line":189,"column":null}},"type":"binary-expr","locations":[{"start":{"line":169,"column":11},"end":{"line":169,"column":null}},{"start":{"line":170,"column":12},"end":{"line":189,"column":null}}],"line":169},"14":{"loc":{"start":{"line":180,"column":17},"end":{"line":183,"column":null}},"type":"cond-expr","locations":[{"start":{"line":181,"column":18},"end":{"line":181,"column":null}},{"start":{"line":183,"column":18},"end":{"line":183,"column":null}}],"line":180},"15":{"loc":{"start":{"line":186,"column":15},"end":{"line":187,"column":null}},"type":"binary-expr","locations":[{"start":{"line":186,"column":15},"end":{"line":186,"column":null}},{"start":{"line":187,"column":16},"end":{"line":187,"column":null}}],"line":186},"16":{"loc":{"start":{"line":198,"column":11},"end":{"line":199,"column":null}},"type":"binary-expr","locations":[{"start":{"line":198,"column":11},"end":{"line":198,"column":null}},{"start":{"line":199,"column":12},"end":{"line":199,"column":null}}],"line":198}},"s":{"0":260,"1":260,"2":260,"3":260,"4":260,"5":260,"6":105,"7":105,"8":4,"9":101,"10":101,"11":101,"12":101,"13":101,"14":101,"15":101,"16":260,"17":105,"18":105,"19":2,"20":260,"21":3,"22":3,"23":2,"24":2,"25":0,"26":2,"27":1,"28":260,"29":260,"30":260,"31":5,"32":264,"33":273,"34":3},"f":{"0":260,"1":105,"2":101,"3":101,"4":105,"5":105,"6":3,"7":1,"8":5,"9":264,"10":273,"11":3},"b":{"0":[4,101],"1":[101,0],"2":[2,103],"3":[0,2],"4":[257,3],"5":[255,5],"6":[252,3],"7":[255,245,10],"8":[3,7],"9":[260,258],"10":[258,2],"11":[260,258],"12":[258,3],"13":[260,257],"14":[2,255],"15":[257,2],"16":[260,200]},"meta":{"lastBranch":17,"lastFunction":12,"lastStatement":35,"seen":{"f:28:16:28:25":0,"s:29:34:29:Infinity":0,"s:30:36:30:Infinity":1,"s:31:26:31:Infinity":2,"s:32:8:32:Infinity":3,"s:33:8:33:Infinity":4,"s:35:2:53:Infinity":5,"f:35:12:35:18":1,"s:36:15:36:Infinity":6,"b:37:4:37:Infinity:undefined:undefined:undefined:undefined":0,"s:37:4:37:Infinity":7,"s:37:13:37:Infinity":8,"f:39:13:39:31":2,"b:40:6:42:Infinity:undefined:undefined:undefined:undefined":1,"s:40:6:42:Infinity":9,"s:41:8:41:Infinity":10,"s:45:4:45:Infinity":11,"s:49:21:49:Infinity":12,"s:50:4:50:Infinity":13,"s:52:4:52:Infinity":14,"f:52:11:52:17":3,"s:52:17:52:Infinity":15,"s:56:2:62:Infinity":16,"f:56:12:56:18":4,"s:57:4:61:Infinity":17,"f:57:11:57:17":5,"b:58:6:60:Infinity:undefined:undefined:undefined:undefined":2,"s:58:6:60:Infinity":18,"s:59:8:59:Infinity":19,"s:64:8:75:Infinity":20,"f:64:33:64:40":6,"s:65:4:74:Infinity":21,"s:66:6:66:Infinity":22,"s:67:6:67:Infinity":23,"b:68:6:70:Infinity:undefined:undefined:undefined:undefined":3,"s:68:6:70:Infinity":24,"s:69:8:69:Infinity":25,"s:71:6:71:Infinity":26,"f:71:42:71:48":7,"s:71:48:71:66":27,"s:77:8:77:Infinity":28,"s:78:18:78:Infinity":29,"b:78:44:78:62:78:62:78:Infinity":4,"s:80:2:203:Infinity":30,"b:98:12:117:Infinity:119:12:121:Infinity":5,"b:101:90:101:107:101:107:101:109":6,"b:105:16:105:31:105:31:105:Infinity:106:16:115:Infinity":7,"f:110:27:110:33":8,"s:110:33:110:Infinity":31,"b:114:32:114:46:114:46:114:Infinity":8,"b:125:11:125:Infinity:126:12:140:Infinity":9,"f:129:50:129:51":9,"s:130:18:132:Infinity":32,"b:134:17:134:Infinity:135:18:137:Infinity":10,"b:150:11:150:Infinity:151:12:165:Infinity":11,"f:152:43:152:44":10,"s:153:16:158:Infinity":33,"b:160:15:160:Infinity:161:16:163:Infinity":12,"b:169:11:169:Infinity:170:12:189:Infinity":13,"f:177:25:177:31":11,"s:177:31:177:Infinity":34,"b:181:18:181:Infinity:183:18:183:Infinity":14,"b:186:15:186:Infinity:187:16:187:Infinity":15,"b:198:11:198:Infinity:199:12:199:Infinity":16}}}
,"/Users/jonathangreen/Documents/Rig/rig-frontend/src/features/repository/hooks/useReadme.ts": {"path":"/Users/jonathangreen/Documents/Rig/rig-frontend/src/features/repository/hooks/useReadme.ts","statementMap":{"0":{"start":{"line":21,"column":24},"end":{"line":21,"column":null}},"1":{"start":{"line":31,"column":2},"end":{"line":36,"column":null}},"2":{"start":{"line":32,"column":19},"end":{"line":32,"column":null}},"3":{"start":{"line":33,"column":4},"end":{"line":33,"column":null}},"4":{"start":{"line":35,"column":4},"end":{"line":35,"column":null}},"5":{"start":{"line":47,"column":17},"end":{"line":47,"column":null}},"6":{"start":{"line":48,"column":18},"end":{"line":50,"column":null}},"7":{"start":{"line":52,"column":2},"end":{"line":78,"column":null}},"8":{"start":{"line":56,"column":23},"end":{"line":56,"column":null}},"9":{"start":{"line":57,"column":6},"end":{"line":59,"column":null}},"10":{"start":{"line":58,"column":8},"end":{"line":58,"column":null}},"11":{"start":{"line":63,"column":28},"end":{"line":63,"column":null}},"12":{"start":{"line":64,"column":6},"end":{"line":66,"column":null}},"13":{"start":{"line":65,"column":8},"end":{"line":65,"column":null}},"14":{"start":{"line":68,"column":19},"end":{"line":68,"column":null}},"15":{"start":{"line":69,"column":6},"end":{"line":71,"column":null}},"16":{"start":{"line":70,"column":8},"end":{"line":70,"column":null}},"17":{"start":{"line":73,"column":6},"end":{"line":73,"column":null}}},"fnMap":{"0":{"name":"isAllowedUrl","decl":{"start":{"line":30,"column":9},"end":{"line":30,"column":22}},"loc":{"start":{"line":30,"column":44},"end":{"line":37,"column":null}},"line":30},"1":{"name":"useReadme","decl":{"start":{"line":46,"column":16},"end":{"line":46,"column":26}},"loc":{"start":{"line":46,"column":63},"end":{"line":79,"column":null}},"line":46},"2":{"name":"(anonymous_2)","decl":{"start":{"line":54,"column":13},"end":{"line":54,"column":25}},"loc":{"start":{"line":54,"column":25},"end":{"line":74,"column":null}},"line":54}},"branchMap":{"0":{"loc":{"start":{"line":33,"column":11},"end":{"line":33,"column":null}},"type":"binary-expr","locations":[{"start":{"line":33,"column":11},"end":{"line":33,"column":43}},{"start":{"line":33,"column":43},"end":{"line":33,"column":null}}],"line":33},"1":{"loc":{"start":{"line":47,"column":17},"end":{"line":47,"column":null}},"type":"cond-expr","locations":[{"start":{"line":47,"column":38},"end":{"line":47,"column":51}},{"start":{"line":47,"column":51},"end":{"line":47,"column":null}}],"line":47},"2":{"loc":{"start":{"line":48,"column":18},"end":{"line":50,"column":null}},"type":"cond-expr","locations":[{"start":{"line":49,"column":6},"end":{"line":49,"column":null}},{"start":{"line":50,"column":6},"end":{"line":50,"column":null}}],"line":48},"3":{"loc":{"start":{"line":48,"column":18},"end":{"line":48,"column":null}},"type":"binary-expr","locations":[{"start":{"line":48,"column":18},"end":{"line":48,"column":37}},{"start":{"line":48,"column":37},"end":{"line":48,"column":null}}],"line":48},"4":{"loc":{"start":{"line":57,"column":6},"end":{"line":59,"column":null}},"type":"if","locations":[{"start":{"line":57,"column":6},"end":{"line":59,"column":null}},{"start":{},"end":{}}],"line":57},"5":{"loc":{"start":{"line":64,"column":6},"end":{"line":66,"column":null}},"type":"if","locations":[{"start":{"line":64,"column":6},"end":{"line":66,"column":null}},{"start":{},"end":{}}],"line":64},"6":{"loc":{"start":{"line":64,"column":10},"end":{"line":64,"column":83}},"type":"binary-expr","locations":[{"start":{"line":64,"column":10},"end":{"line":64,"column":36}},{"start":{"line":64,"column":36},"end":{"line":64,"column":83}}],"line":64},"7":{"loc":{"start":{"line":69,"column":6},"end":{"line":71,"column":null}},"type":"if","locations":[{"start":{"line":69,"column":6},"end":{"line":71,"column":null}},{"start":{},"end":{}}],"line":69},"8":{"loc":{"start":{"line":75,"column":13},"end":{"line":75,"column":null}},"type":"binary-expr","locations":[{"start":{"line":75,"column":13},"end":{"line":75,"column":24}},{"start":{"line":75,"column":24},"end":{"line":75,"column":null}}],"line":75}},"s":{"0":5,"1":75,"2":75,"3":75,"4":0,"5":176,"6":176,"7":176,"8":31,"9":29,"10":4,"11":25,"12":25,"13":2,"14":23,"15":23,"16":0,"17":23},"f":{"0":75,"1":176,"2":31},"b":{"0":[75,6],"1":[75,101],"2":[69,107],"3":[176,75],"4":[4,25],"5":[2,23],"6":[25,2],"7":[0,23],"8":[176,101]},"meta":{"lastBranch":9,"lastFunction":3,"lastStatement":18,"seen":{"s:21:24:21:Infinity":0,"f:30:9:30:22":0,"s:31:2:36:Infinity":1,"s:32:19:32:Infinity":2,"s:33:4:33:Infinity":3,"b:33:11:33:43:33:43:33:Infinity":0,"s:35:4:35:Infinity":4,"f:46:16:46:26":1,"s:47:17:47:Infinity":5,"b:47:38:47:51:47:51:47:Infinity":1,"s:48:18:50:Infinity":6,"b:49:6:49:Infinity:50:6:50:Infinity":2,"b:48:18:48:37:48:37:48:Infinity":3,"s:52:2:78:Infinity":7,"f:54:13:54:25":2,"s:56:23:56:Infinity":8,"b:57:6:59:Infini
[...]
ne":412,"column":70},"end":{"line":412,"column":107}},"55":{"start":{"line":413,"column":57},"end":{"line":413,"column":70}},"56":{"start":{"line":413,"column":70},"end":{"line":413,"column":107}},"57":{"start":{"line":414,"column":57},"end":{"line":414,"column":70}},"58":{"start":{"line":414,"column":70},"end":{"line":414,"column":107}},"59":{"start":{"line":418,"column":52},"end":{"line":418,"column":null}},"60":{"start":{"line":419,"column":16},"end":{"line":427,"column":null}},"61":{"start":{"line":433,"column":57},"end":{"line":433,"column":null}},"62":{"start":{"line":434,"column":30},"end":{"line":434,"column":null}},"63":{"start":{"line":435,"column":33},"end":{"line":435,"column":null}},"64":{"start":{"line":436,"column":16},"end":{"line":442,"column":null}},"65":{"start":{"line":437,"column":18},"end":{"line":440,"column":null}},"66":{"start":{"line":443,"column":16},"end":{"line":451,"column":null}}},"fnMap":{"0":{"name":"Component","decl":{"start":{"line":42,"column":16},"end":{"line":42,"column":28}},"loc":{"start":{"line":42,"column":28},"end":{"line":326,"column":null}},"line":42},"1":{"name":"(anonymous_1)","decl":{"start":{"line":57,"column":12},"end":{"line":57,"column":18}},"loc":{"start":{"line":57,"column":18},"end":{"line":63,"column":5}},"line":57},"2":{"name":"(anonymous_2)","decl":{"start":{"line":58,"column":11},"end":{"line":58,"column":17}},"loc":{"start":{"line":58,"column":17},"end":{"line":62,"column":null}},"line":58},"3":{"name":"(anonymous_3)","decl":{"start":{"line":65,"column":33},"end":{"line":65,"column":40}},"loc":{"start":{"line":65,"column":56},"end":{"line":76,"column":5}},"line":65},"4":{"name":"(anonymous_4)","decl":{"start":{"line":72,"column":42},"end":{"line":72,"column":48}},"loc":{"start":{"line":72,"column":48},"end":{"line":72,"column":66}},"line":72},"5":{"name":"(anonymous_5)","decl":{"start":{"line":146,"column":45},"end":{"line":146,"column":51}},"loc":{"start":{"line":146,"column":51},"end":{"line":146,"column":null}},"line":146},"6":{"name":"(anonymous_6)","decl":{"start":{"line":222,"column":40},"end":{"line":222,"column":41}},"loc":{"start":{"line":223,"column":20},"end":{"line":228,"column":null}},"line":223},"7":{"name":"(anonymous_7)","decl":{"start":{"line":252,"column":25},"end":{"line":252,"column":31}},"loc":{"start":{"line":252,"column":31},"end":{"line":252,"column":null}},"line":252},"8":{"name":"(anonymous_8)","decl":{"start":{"line":276,"column":35},"end":{"line":276,"column":36}},"loc":{"start":{"line":277,"column":20},"end":{"line":279,"column":null}},"line":277},"9":{"name":"isSafeUrl","decl":{"start":{"line":338,"column":9},"end":{"line":338,"column":19}},"loc":{"start":{"line":338,"column":41},"end":{"line":345,"column":null}},"line":338},"10":{"name":"omitNode","decl":{"start":{"line":353,"column":9},"end":{"line":353,"column":18}},"loc":{"start":{"line":353,"column":58},"end":{"line":356,"column":null}},"line":353},"11":{"name":"ReadmeContent","decl":{"start":{"line":361,"column":9},"end":{"line":361,"column":23}},"loc":{"start":{"line":369,"column":3},"end":{"line":462,"column":null}},"line":369},"12":{"name":"(anonymous_12)","decl":{"start":{"line":409,"column":18},"end":{"line":409,"column":19}},"loc":{"start":{"line":409,"column":25},"end":{"line":409,"column":null}},"line":409},"13":{"name":"(anonymous_13)","decl":{"start":{"line":410,"column":18},"end":{"line":410,"column":19}},"loc":{"start":{"line":410,"column":25},"end":{"line":410,"column":null}},"line":410},"14":{"name":"(anonymous_14)","decl":{"start":{"line":411,"column":18},"end":{"line":411,"column":19}},"loc":{"start":{"line":411,"column":25},"end":{"line":411,"column":null}},"line":411},"15":{"name":"(anonymous_15)","decl":{"start":{"line":412,"column":18},"end":{"line":412,"column":19}},"loc":{"start":{"line":412,"column":25},"end":{"line":412,"column":null}},"line":412},"16":{"name":"(anonymous_16)","decl":{"start":{"line":413,"column":18},"end":{"line":413,"column":19}},"loc":{"start":{"line":413,"column":25},"end":{"line":413,"column":null}},"line":413},"17":{"name":"(anonymous_17)","decl":{"start":{"line":414,"column":18},"end":{"line":414,"column":19}},"loc":{"start":{"line":414,"column":25},"end":{"line":414,"column":null}},"line":414},"18":{"name":"(anonymous_18)","decl":{"start":{"line":417,"column":17},"end":{"line":417,"column":18}},"loc":{"start":{"line":417,"column":24},"end":{"line":429,"column":null}},"line":417},"19":{"name":"(anonymous_19)","decl":{"start":{"line":432,"column":20},"end":{"line":432,"column":21}},"loc":{"start":{"line":432,"column":27},"end":{"line":453,"column":null}},"line":432}},"branchMap":{"0":{"loc":{"start":{"line":43,"column":10},"end":{"line":43,"column":22}},"type":"default-arg","locations":[{"start":{"line":43,"column":18},"end":{"line":43,"column":22}}],"line":43},"1":{"loc":{"start":{"line":43,"column":22},"end":{"line":43,"column":32}},"type":"default-arg","locations":[{"start":{"line":43,"column":29},"end":{"line":43,"column":32}}],"line":43},"2":{"loc":{"start":{"line":46,"column":24},"end":{"line":46,"column":null}},"type":"binary-expr","locations":[{"start":{"line":46,"column":24},"end":{"line":46,"column":48}},{"start":{"line":46,"column":48},"end":{"line":46,"column":null}}],"line":46},"3":{"loc":{"start":{"line":47,"column":33},"end":{"line":47,"column":54}},"type":"binary-expr","locations":[{"start":{"line":47,"column":33},"end":{"line":47,"column":50}},{"start":{"line":47,"column":50},"end":{"line":47,"column":54}}],"line":47},"4":{"loc":{"start":{"line":59,"column":6},"end":{"line":61,"column":null}},"type":"if","locations":[{"start":{"line":59,"column":6},"end":{"line":61,"column":null}},{"start":{},"end":{}}],"line":59},"5":{"loc":{"start":{"line":69,"column":6},"end":{"line":71,"column":null}},"type":"if","locations":[{"start":{"line":69,"column":6},"end":{"line":71,"column":null}},{"start":{},"end":{}}],"line":69},"6":{"loc":{"start":{"line":79,"column":2},"end":{"line":119,"column":null}},"type":"if","locations":[{"start":{"line":79,"column":2},"end":{"line":119,"column":null}},{"start":{},"end":{}}],"line":79},"7":{"loc":{"start":{"line":122,"column":2},"end":{"line":153,"column":null}},"type":"if","locations":[{"start":{"line":122,"column":2},"end":{"line":153,"column":null}},{"start":{},"end":{}}],"line":122},"8":{"loc":{"start":{"line":123,"column":10},"end":{"line":125,"column":null}},"type":"cond-expr","locations":[{"start":{"line":124,"column":8},"end":{"line":124,"column":null}},{"start":{"line":125,"column":8},"end":{"line":125,"column":null}}],"line":123},"9":{"loc":{"start":{"line":156,"column":2},"end":{"line":179,"column":null}},"type":"if","locations":[{"start":{"line":156,"column":2},"end":{"line":179,"column":null}},{"start":{},"end":{}}],"line":156},"10":{"loc":{"start":{"line":184,"column":21},"end":{"line":184,"column":null}},"type":"cond-expr","locations":[{"start":{"line":184,"column":47},"end":{"line":184,"column":65}},{"start":{"line":184,"column":65},"end":{"line":184,"column":null}}],"line":184},"11":{"loc":{"start":{"line":185,"column":18},"end":{"line":185,"column":null}},"type":"cond-expr","locations":[{"start":{"line":185,"column":65},"end":{"line":185,"column":78}},{"start":{"line":185,"column":78},"end":{"line":185,"column":null}}],"line":185},"12":{"loc":{"start":{"line":185,"column":18},"end":{"line":185,"column":65}},"type":"binary-expr","locations":[{"start":{"line":185,"column":18},"end":{"line":185,"column":41}},{"start":{"line":185,"column":41},"end":{"line":185,"column":65}}],"line":185},"13":{"loc":{"start":{"line":201,"column":9},"end":{"line":206,"column":null}},"type":"cond-expr","locations":[{"start":{"line":202,"column":10},"end":{"line":204,"column":null}},{"start":{"line":206,"column":10},"end":{"line":206,"column":null}}],"line":201},"14":{"loc":{"start":{"line":214,"column":11},"end":{"line":232,"column":null}},"type":"binary-expr","locations":[{"start":{"line":214,"column":11},"end":{"line":214,"column":null}},{"start":{"line":215,"column":12},"end":{"line":232,"column":null}}],"line":214},"15":{"loc":{"start":{"line":236,"column":11},"end":{"line":266,"column":null}},"type":"binary-expr","locations":[{"start":{"line":236,"column":11},"end":{"line":236,"column":null}},{"start":{"line":237,"column":12},"end":{"line":266,"column":null}}],"line":236},"16":{"loc":{"start":{"line":255,"column":17},"end":{"line":258,"column":null}},"type":"cond-expr","locations":[{"start":{"line":256,"column":18},"end":{"line":256,"column":null}},{"start":{"line":258,"column":18},"end":{"line":258,"column":null}}],"line":255},"17":{"loc":{"start":{"line":261,"column":15},"end":{"line":264,"column":null}},"type":"binary-expr","locations":[{"start":{"line":261,"column":15},"end":{"line":261,"column":null}},{"start":{"line":262,"column":16},"end":{"line":264,"column":null}}],"line":261},"18":{"loc":{"start":{"line":270,"column":11},"end":{"line":283,"column":null}},"type":"binary-expr","locations":[{"start":{"line":270,"column":11},"end":{"line":270,"column":null}},{"start":{"line":271,"column":12},"end":{"line":283,"column":null}}],"line":270},"19":{"loc":{"start":{"line":294,"column":11},"end":{"line":305,"column":null}},"type":"binary-expr","locations":[{"start":{"line":294,"column":11},"end":{"line":294,"column":null}},{"start":{"line":295,"column":12},"end":{"line":305,"column":null}}],"line":294},"20":{"loc":{"start":{"line":341,"column":11},"end":{"line":341,"column":null}},"type":"binary-expr","locations":[{"start":{"line":341,"column":11},"end":{"line":341,"column":43}},{"start":{"line":341,"column":43},"end":{"line":341,"column":null}}],"line":341},"21":{"loc":{"start":{"line":370,"column":2},"end":{"line":376,"column":null}},"type":"if","locations":[{"start":{"line":370,"column":2},"end":{"line":376,"column":null}},{"start":{},"end":{}}],"line":370},"22":{"loc":{"start":{"line":378,"column":2},"end":{"line":389,"column":null}},"type":"if","locations":[{"start":{"line":378,"column":2},"end":{"line":389,"column":null}},{"start":{},"end":{}}],"line":378},"23":{"loc":{"start":{"line":391,"column":2},"end":{"line":397,"column":null}},"type":"if","locations":[{"start":{"line":391,"column":2},"end":{"line":397,"column":null}},{"start":{},"end":{}}],"line":391},"24":{"loc":{"start":{"line":391,"column":6},"end":{"line":391,"column":83}},"type":"binary-expr","locations":[{"start":{"line":391,"column":6},"end":{"line":391,"column":34}},{"start":{"line":391,"column":34},"end":{"line":391,"column":57}},{"start":{"line":391,"column":57},"end":{"line":391,"column":83}}],"line":391},"25":{"loc":{"start":{"line":434,"column":52},"end":{"line":434,"column":67}},"type":"binary-expr","locations":[{"start":{"line":434,"column":52},"end":{"line":434,"column":65}},{"start":{"line":434,"column":65},"end":{"line":434,"column":67}}],"line":434},"26":{"loc":{"start":{"line":436,"column":16},"end":{"line":442,"column":null}},"type":"if","locations":[{"start":{"line":436,"column":16},"end":{"line":442,"column":null}},{"start":{},"end":{}}],"line":436}},"s":{"0":162,"1":162,"2":162,"3":162,"4":162,"5":162,"6":162,"7":162,"8":49,"9":49,"10":1,"11":162,"12":2,"13":2,"14":1,"15":1,"16":0,"17":1,"18":0,"19":162,"20":49,"21":113,"22":6,"23":6,"24":1,"25":107,"26":19,"27":88,"28":162,"29":162,"30":106,"31":2,"32":128,"33":4,"34":62,"35":62,"36":62,"37":0,"38":12,"39":12,"40":88,"41":26,"42":62,"43":46,"44":16,"45":1,"46":15,"47":6,"48":6,"49":1,"50":1,"51":1,"52":1,"53":0,"54":0,"55":0,"56":0,"57":0,"58":0,"59":2,"60":2,"61":2,"62":2,"63":2,"64":2,"65":1,"66":1},"f":{"0":162,"1":49,"2":49,"3":2,"4":0,"5":1,"6":106,"7":2,"8":128,"9":62,"10":12,"11":88,"12":6,"13":1,"14":1,"15":0,"16":0,"17":0,"18":2,"19":2},"b":{"0":[162],"1":[162],"2":[162,107],"3":[162,74],"4":[1,48],"5":[0,1],"6":[49,113],"7":[6,107],"8":[4,2],"9":[19,88],"10":[62,26],"11":[58,30],"12":[162,62],"13":[86,2],"14":[162,86],"15":[162,58],"16":[1,57],"17":[58,1],"18":[162,86],"19":[162,88],"20":[62,4],"21":[26,62],"22":[46,16],"23":[1,15],"24":[16,15,15],"25":[2,1],"26":[1,1]},"meta":{"lastBranch":27,"lastFunction":20,"lastStatement":67,"seen":{"f:42:16:42:28":0,"s:43:32:43:Infinity":0,"b:43:18:43:22":0,"b:43:29:43:32":1,"s:44:39:44:Infinity":1,"s:46:24:46:Infinity":2,"b:46:24:46:48:46:48:46:Infinity":2,"s:47:8:47:Infinity":3,"b:47:33:47:50:47:50:47:54":3,"s:52:2:52:Infinity":4,"s:54:26:54:Infinity":5,"s:55:8:55:Infinity":6,"s:57:2:63:Infinity":7,"f:57:12:57:18":1,"s:58:4:62:Infinity":8,"f:58:11:58:17":2,"b:59:6:61:Infinity:undefined:undefined:undefined:undefined":4,"s:59:6:61:Infinity":9,"s:60:8:60:Infinity":10,"s:65:8:76:Infinity":11,"f:65:33:65:40":3,"s:66:4:75:Infinity":12,"s:67:6:67:Infinity":13,"s:68:6:68:Infinity":14,"b:69:6:71:Infinity:undefined:undefined:undefined:undefined":5,"s:69:6:71:Infinity":15,"s:70:8:70:Infinity":16,"s:72:6:72:Infinity":17,"f:72:42:72:48":4,"s:72:48:72:66":18,"b:79:2:119:Infinity:undefined:undefined:undefined:undefined":6,"s:79:2:119:Infinity":19,"s:80:4:117:Infinity":20,"b:122:2:153:Infinity:undefined:undefined:undefined:undefined":7,"s:122:2:153:Infinity":21,"s:123:10:125:Infinity":22,"b:124:8:124:Infinity:125:8:125:Infinity":8,"s:127:4:151:Infinity":23,"f:146:45:146:51":5,"s:146:51:146:Infinity":24,"b:156:2:179:Infinity:undefined:undefined:undefined:undefined":9,"s:156:2:179:Infinity":25,"s:157:4:177:Infinity":26,"s:184:21:184:Infinity":27,"b:184:47:184:65:184:65:184:Infinity":10,"s:185:18:185:Infinity":28,"b:185:65:185:78:185:78:185:Infinity":11,"b:185:18:185:41:185:41:185:65":12,"s:187:2:324:Infinity":29,"b:202:10:204:Infinity:206:10:206:Infinity":13,"b:214:11:214:Infinity:215:12:232:Infinity":14,"f:222:40:222:41":6,"s:223:20:228:Infinity":30,"b:236:11:236:Infinity:237:12:266:Infinity":15,"f:252:25:252:31":7,"s:252:31:252:Infinity":31,"b:256:18:256:Infinity:258:18:258:Infinity":16,"b:261:15:261:Infinity:262:16:264:Infinity":17,"b:270:11:270:Infinity:271:12:283:Infinity":18,"f:276:35:276:36":8,"s:277:20:279:Infinity":32,"b:294:11:294:Infinity:295:12:305:Infinity":19,"s:328:0:328:Infinity":33,"f:338:9:338:19":9,"s:339:2:344:Infinity":34,"s:340:19:340:Infinity":35,"s:341:4:341:Infinity":36,"b:341:11:341:43:341:43:341:Infinity":20,"s:343:4:343:Infinity":37,"f:353:9:353:18":10,"s:354:2:354:Infinity":38,"s:355:2:355:Infinity":39,"f:361:9:361:23":11,"b:370:2:376:Infinity:undefined:undefined:undefined:undefined":21,"s:370:2:376:Infinity":40,"s:371:4:374:Infinity":41,"b:378:2:389:Infinity:undefined:undefined:undefined:undefined":22,"s:378:2:389:Infinity":42,"s:379:4:387:Infinity":43,"b:391:2:397:Infinity:undefined:undefined:undefined:undefined":23,"s:391:2:397:Infinity":44,"b:391:6:391:34:391:34:391:57:391:57:391:83":24,"s:392:4:395:Infinity":45,"s:399:2:460:Infinity":46,"f:409:18:409:19":12,"s:409:57:409:70":47,"s:409:70:409:107":48,"f:410:18:410:19":13,"s:410:57:410:70":49,"s:410:70:410:107":50,"f:411:18:411:19":14,"s:411:57:411:70":51,"s:411:70:411:107":52,"f:412:18:412:19":15,"s:412:57:412:70":53,"s:412:70:412:107":54,"f:413:18:413:19":16,"s:413:57:413:70":55,"s:413:70:413:107":56,"f:414:18:414:19":17,"s:414:57:414:70":57,"s:414:70:414:107":58,"f:417:17:417:18":18,"s:418:52:418:Infinity":59,"s:419:16:427:Infinity":60,"f:432:20:432:21":19,"s:433:57:433:Infinity":61,"s:434:30:434:Infinity":62,"b:434:52:434:65:434:65:434:67":25,"s:435:33:435:Infinity":63,"b:436:16:442:Infinity:undefined:undefined:undefined:undefined":26,"s:436:16:442:Infinity":64,"s:437:18:440:Infinity":65,"s:443:16:451:Infinity":66}}}
,"/Users/jonathangreen/Documents/Rig/rig-frontend/src/types/common.ts": {"path":"/Users/jonathangreen/Documents/Rig/rig-frontend/src/types/common.ts","statementMap":{"0":{"start":{"line":43,"column":2},"end":{"line":49,"column":null}}},"fnMap":{"0":{"name":"isRigError","decl":{"start":{"line":42,"column":16},"end":{"line":42,"column":27}},"loc":{"start":{"line":42,"column":62},"end":{"line":51,"column":null}},"line":42}},"branchMap":{"0":{"loc":{"start":{"line":44,"column":4},"end":{"line":49,"column":null}},"type":"binary-expr","locations":[{"start":{"line":44,"column":4},"end":{"line":44,"column":null}},{"start":{"line":45,"column":4},"end":{"line":45,"column":null}},{"start":{"line":46,"column":4},"end":{"line":46,"column":null}},{"start":{"line":47,"column":4},"end":{"line":47,"column":null}},{"start":{"line":48,"column":4},"end":{"line":48,"column":null}},{"start":{"line":49,"column":4},"end":{"line":49,"column":null}}],"line":44}},"s":{"0":20},"f":{"0":20},"b":{"0":[20,20,20,16,16,16]},"meta":{"lastBranch":1,"lastFunction":1,"lastStatement":1,"seen":{"f:42:16:42:27":0,"s:43:2:49:Infinity":0,"b:44:4:44:Infinity:45:4:45:Infinity:46:4:46:Infinity:47:4:47:Infinity:48:4:48:Infinity:49:4:49:Infinity":0}}}
,"/Users/jonathangreen/Documents/Rig/rig-frontend/src/types/index.ts": {"path":"/Users/jonathangreen/Documents/Rig/rig-frontend/src/types/index.ts","statementMap":{},"fnMap":{},"branchMap":{},"s":{},"f":{},"b":{},"meta":{"lastBranch":0,"lastFunction":0,"lastStatement":0,"seen":{}}}
,"/Users/jonathangreen/Documents/Rig/rig-frontend/src/types/nostr.ts": {"path":"/Users/jonathangreen/Documents/Rig/rig-frontend/src/types/nostr.ts","statementMap":{"0":{"start":{"line":46,"column":36},"end":{"line":61,"column":null}},"1":{"start":{"line":70,"column":43},"end":{"line":75,"column":null}},"2":{"start":{"line":73,"column":13},"end":{"line":73,"column":null}},"3":{"start":{"line":73,"column":36},"end":{"line":73,"column":60}},"4":{"start":{"line":86,"column":36},"end":{"line":91,"column":null}},"5":{"start":{"line":89,"column":13},"end":{"line":89,"column":null}},"6":{"start":{"line":89,"column":36},"end":{"line":89,"column":60}},"7":{"start":{"line":103,"column":32},"end":{"line":105,"column":null}},"8":{"start":{"line":117,"column":38},"end":{"line":119,"column":null}},"9":{"start":{"line":131,"column":35},"end":{"line":133,"column":null}},"10":{"start":{"line":145,"column":32},"end":{"line":147,"column":null}},"11":{"start":{"line":159,"column":34},"end":{"line":161,"column":null}},"12":{"start":{"line":178,"column":33},"end":{"line":185,"column":null}}},"fnMap":{"0":{"name":"(anonymous_0)","decl":{"start":{"line":73,"column":2},"end":{"line":73,"column":3}},"loc":{"start":{"line":73,"column":13},"end":{"line":73,"column":null}},"line":73},"1":{"name":"(anonymous_1)","decl":{"start":{"line":73,"column":29},"end":{"line":73,"column":36}},"loc":{"start":{"line":73,"column":36},"end":{"line":73,"column":60}},"line":73},"2":{"name":"(anonymous_2)","decl":{"start":{"line":89,"column":2},"end":{"line":89,"column":3}},"loc":{"start":{"line":89,"column":13},"end":{"line":89,"column":null}},"line":89},"3":{"name":"(anonymous_3)","decl":{"start":{"line":89,"column":29},"end":{"line":89,"column":36}},"loc":{"start":{"line":89,"column":36},"end":{"line":89,"column":60}},"line":89}},"branchMap":{"0":{"loc":{"start":{"line":73,"column":36},"end":{"line":73,"column":60}},"type":"binary-expr","locations":[{"start":{"line":73,"column":36},"end":{"line":73,"column":54}},{"start":{"line":73,"column":54},"end":{"line":73,"column":60}}],"line":73},"1":{"loc":{"start":{"line":89,"column":36},"end":{"line":89,"column":60}},"type":"binary-expr","locations":[{"start":{"line":89,"column":36},"end":{"line":89,"column":54}},{"start":{"line":89,"column":54},"end":{"line":89,"column":60}}],"line":89}},"s":{"0":4,"1":4,"2":24,"3":20,"4":4,"5":1,"6":1,"7":4,"8":4,"9":4,"10":4,"11":4,"12":4},"f":{"0":24,"1":20,"2":1,"3":1},"b":{"0":[20,19],"1":[1,1]},"meta":{"lastBranch":2,"lastFunction":4,"lastStatement":13,"seen":{"s:46:36:61:Infinity":0,"s:70:43:75:Infinity":1,"f:73:2:73:3":0,"s:73:13:73:Infinity":2,"f:73:29:73:36":1,"s:73:36:73:60":3,"b:73:36:73:54:73:54:73:60":0,"s:86:36:91:Infinity":4,"f:89:2:89:3":2,"s:89:13:89:Infinity":5,"f:89:29:89:36":3,"s:89:36:89:60":6,"b:89:36:89:54:89:54:89:60":1,"s:103:32:105:Infinity":7,"s:117:38:119:Infinity":8,"s:131:35:133:Infinity":9,"s:145:32:147:Infinity":10,"s:159:34:161:Infinity":11,"s:178:33:185:Infinity":12}}}
}
