TN:
SF:src/App.tsx
FN:24,App
FNF:1
FNH:0
FNDA:0,App
DA:16,1
DA:25,0
LF:2
LH:1
BRF:0
BRH:0
end_of_record
TN:
SF:src/routes.tsx
FN:25,PageSkeleton
FN:57,RootLayout
FN:72,HydrateFallback
FN:98,(anonymous_3)
FN:105,(anonymous_4)
FN:108,(anonymous_5)
FN:111,(anonymous_6)
FN:112,(anonymous_7)
FN:115,(anonymous_8)
FN:116,(anonymous_9)
FN:119,(anonymous_10)
FN:120,(anonymous_11)
FN:123,(anonymous_12)
FN:128,(anonymous_13)
FNF:14
FNH:13
FNDA:0,PageSkeleton
FNDA:24,RootLayout
FNDA:25,HydrateFallback
FNDA:7,(anonymous_3)
FNDA:7,(anonymous_4)
FNDA:3,(anonymous_5)
FNDA:2,(anonymous_6)
FNDA:1,(anonymous_7)
FNDA:2,(anonymous_8)
FNDA:1,(anonymous_9)
FNDA:1,(anonymous_10)
FNDA:1,(anonymous_11)
FNDA:1,(anonymous_12)
FNDA:2,(anonymous_13)
DA:26,0
DA:58,24
DA:73,25
DA:91,1
DA:98,7
DA:105,7
DA:108,3
DA:111,2
DA:112,1
DA:115,2
DA:116,1
DA:119,1
DA:120,1
DA:123,1
DA:128,2
LF:15
LH:14
BRF:0
BRH:0
end_of_record
TN:
SF:src/components/RelayStatusBadge.tsx
FN:46,RelayStatusBadge
FN:63,(anonymous_1)
FN:64,(anonymous_2)
FN:120,(anonymous_3)
FN:149,(anonymous_4)
FNF:5
FNH:5
FNDA:353,RelayStatusBadge
FNDA:762,(anonymous_1)
FNDA:762,(anonymous_2)
FNDA:274,(anonymous_3)
FNDA:55,(anonymous_4)
DA:52,353
DA:53,353
DA:54,353
DA:55,353
DA:57,353
DA:58,353
DA:61,353
DA:63,762
DA:64,762
DA:65,352
DA:68,352
DA:69,205
DA:82,147
DA:121,274
DA:150,55
LF:15
LH:15
BRDA:48,0,0,353
BRDA:61,1,0,1
BRDA:61,1,1,352
BRDA:61,2,0,353
BRDA:61,2,1,352
BRDA:68,3,0,205
BRDA:68,3,1,147
BRDA:100,4,0,29
BRDA:100,4,1,118
BRDA:114,5,0,353
BRDA:114,5,1,147
BRDA:143,6,0,353
BRDA:143,6,1,55
BRDA:162,7,0,55
BRDA:162,7,1,12
BRDA:171,8,0,353
BRDA:171,8,1,145
BRDA:176,9,0,145
BRDA:176,9,1,38
BRDA:181,10,0,353
BRDA:181,10,1,55
BRDA:181,10,2,17
BRF:22
BRH:22
end_of_record
TN:
SF:src/components/layout/AppLayout.tsx
FN:16,AppLayout
FN:21,(anonymous_1)
FNF:2
FNH:2
FNDA:34,AppLayout
FNDA:1,(anonymous_1)
DA:17,34
DA:19,34
DA:21,1
LF:3
LH:3
BRF:0
BRH:0
end_of_record
TN:
SF:src/components/layout/Footer.tsx
FN:5,Footer
FNF:1
FNH:1
FNDA:39,Footer
DA:6,39
LF:1
LH:1
BRF:0
BRH:0
end_of_record
TN:
SF:src/components/layout/Header.tsx
FN:17,Header
FNF:1
FNH:1
FNDA:50,Header
DA:18,50
LF:1
LH:1
BRDA:62,0,0,50
BRDA:62,0,1,37
BRF:2
BRH:2
end_of_record
TN:
SF:src/components/layout/Sidebar.tsx
FN:12,Sidebar
FN:23,(anonymous_1)
FN:66,MobileSidebarContent
FN:73,(anonymous_3)
FNF:4
FNH:4
FNDA:43,Sidebar
FNDA:48,(anonymous_1)
FNDA:7,MobileSidebarContent
FNDA:7,(anonymous_3)
DA:13,43
DA:24,48
DA:67,7
DA:74,7
LF:4
LH:4
BRDA:25,0,0,24
BRDA:25,0,1,24
BRDA:75,1,0,7
BRDA:75,1,1,0
BRF:4
BRH:3
end_of_record
TN:
SF:src/components/layout/ThemeToggle.tsx
FN:15,ThemeToggle
FN:37,(anonymous_1)
FN:45,(anonymous_2)
FN:53,(anonymous_3)
FNF:4
FNH:1
FNDA:100,ThemeToggle
FNDA:0,(anonymous_1)
FNDA:0,(anonymous_2)
FNDA:0,(anonymous_3)
DA:16,100
DA:18,100
DA:37,0
DA:45,0
DA:53,0
LF:5
LH:2
BRDA:27,0,0,0
BRDA:27,0,1,100
BRDA:39,1,0,0
BRDA:39,1,1,100
BRDA:47,2,0,0
BRDA:47,2,1,100
BRDA:55,3,0,100
BRDA:55,3,1,0
BRF:8
BRH:4
end_of_record
TN:
SF:src/components/ui/badge.tsx
FN:29,Badge
FNF:1
FNH:1
FNDA:480,Badge
DA:7,9
DA:36,480
DA:38,480
LF:3
LH:3
BRDA:31,0,0,480
BRDA:32,1,0,480
BRDA:36,2,0,0
BRDA:36,2,1,480
BRF:4
BRH:3
end_of_record
TN:
SF:src/components/ui/button.tsx
FN:44,(anonymous_0)
FNF:1
FNH:1
FNDA:631,(anonymous_0)
DA:7,11
DA:43,11
DA:45,631
DA:46,631
DA:55,11
LF:5
LH:5
BRDA:44,0,0,631
BRDA:45,1,0,12
BRDA:45,1,1,619
BRF:3
BRH:3
end_of_record
TN:
SF:src/components/ui/card.tsx
FN:5,Card
FN:18,CardHeader
FN:31,CardTitle
FN:41,CardDescription
FN:51,CardAction
FN:64,CardContent
FN:74,CardFooter
FNF:7
FNH:4
FNDA:409,Card
FNDA:260,CardHeader
FNDA:0,CardTitle
FNDA:0,CardDescription
FNDA:0,CardAction
FNDA:409,CardContent
FNDA:260,CardFooter
DA:6,409
DA:19,260
DA:32,0
DA:42,0
DA:52,0
DA:65,409
DA:75,260
LF:7
LH:4
BRF:0
BRH:0
end_of_record
TN:
SF:src/components/ui/collapsible.tsx
FNF:0
FNH:0
DA:3,9
DA:5,9
DA:7,9
LF:3
LH:3
BRF:0
BRH:0
end_of_record
TN:
SF:src/components/ui/dropdown-menu.tsx
FN:9,DropdownMenu
FN:15,DropdownMenuPortal
FN:23,DropdownMenuTrigger
FN:34,DropdownMenuContent
FN:54,DropdownMenuGroup
FN:62,DropdownMenuItem
FN:85,DropdownMenuCheckboxItem
FN:111,DropdownMenuRadioGroup
FN:122,DropdownMenuRadioItem
FN:146,DropdownMenuLabel
FN:166,DropdownMenuSeparator
FN:179,DropdownMenuShortcut
FN:195,DropdownMenuSub
FN:201,DropdownMenuSubTrigger
FN:225,DropdownMenuSubContent
FNF:15
FNH:3
FNDA:100,DropdownMenu
FNDA:0,DropdownMenuPortal
FNDA:100,DropdownMenuTrigger
FNDA:100,DropdownMenuContent
FNDA:0,DropdownMenuGroup
FNDA:0,DropdownMenuItem
FNDA:0,DropdownMenuCheckboxItem
FNDA:0,DropdownMenuRadioGroup
FNDA:0,DropdownMenuRadioItem
FNDA:0,DropdownMenuLabel
FNDA:0,DropdownMenuSeparator
FNDA:0,DropdownMenuShortcut
FNDA:0,DropdownMenuSub
FNDA:0,DropdownMenuSubTrigger
FNDA:0,DropdownMenuSubContent
DA:12,100
DA:18,0
DA:26,100
DA:39,100
DA:57,0
DA:71,0
DA:91,0
DA:114,0
DA:127,0
DA:153,0
DA:170,0
DA:183,0
DA:198,0
DA:209,0
DA:229,0
LF:15
LH:3
BRDA:36,0,0,100
BRDA:65,1,0,0
BRF:2
BRH:1
end_of_record
TN:
SF:src/components/ui/error-boundary.tsx
FN:30,(anonymous_0)
FN:38,(anonymous_1)
FN:46,(anonymous_2)
FN:51,(anonymous_3)
FN:61,(anonymous_4)
FNF:5
FNH:5
FNDA:14,(anonymous_0)
FNDA:1,(anonymous_1)
FNDA:7,(anonymous_2)
FNDA:1,(anonymous_3)
FNDA:29,(anonymous_4)
DA:31,14
DA:32,14
DA:40,14
DA:48,7
DA:51,1
DA:53,1
DA:55,1
DA:62,29
DA:64,14
DA:65,2
DA:69,12
DA:89,15
LF:12
LH:12
BRDA:62,0,0,14
BRDA:62,0,1,15
BRDA:64,1,0,2
BRDA:64,1,1,12
BRDA:76,2,0,12
BRDA:76,2,1,0
BRF:6
BRH:5
end_of_record
TN:
SF:src/components/ui/input.tsx
FN:5,Input
FNF:1
FNH:1
FNDA:147,Input
DA:6,147
LF:1
LH:1
BRF:0
BRH:0
end_of_record
TN:
SF:src/components/ui/separator.tsx
FN:8,Separator
FNF:1
FNH:1
FNDA:88,Separator
DA:14,88
LF:1
LH:1
BRDA:10,0,0,88
BRDA:11,1,0,88
BRF:2
BRH:2
end_of_record
TN:
SF:src/components/ui/sheet.tsx
FN:9,Sheet
FN:13,SheetTrigger
FN:19,SheetClose
FN:25,SheetPortal
FN:31,SheetOverlay
FN:47,SheetContent
FN:88,SheetHeader
FN:98,SheetFooter
FN:108,SheetTitle
FN:121,SheetDescription
FNF:10
FNH:5
FNDA:34,Sheet
FNDA:0,SheetTrigger
FNDA:0,SheetClose
FNDA:34,SheetPortal
FNDA:2,SheetOverlay
FNDA:34,SheetContent
FNDA:0,SheetHeader
FNDA:0,SheetFooter
FNDA:1,SheetTitle
FNDA:0,SheetDescription
DA:10,34
DA:16,0
DA:22,0
DA:28,34
DA:35,2
DA:57,34
DA:89,0
DA:99,0
DA:112,1
DA:125,0
LF:10
LH:5
BRDA:50,0,0,34
BRDA:51,1,0,34
BRDA:64,2,0,34
BRDA:64,2,1,0
BRDA:66,3,0,34
BRDA:66,3,1,34
BRDA:68,4,0,34
BRDA:68,4,1,0
BRDA:70,5,0,34
BRDA:70,5,1,0
BRDA:77,6,0,34
BRDA:77,6,1,34
BRF:12
BRH:9
end_of_record
TN:
SF:src/components/ui/skeleton.tsx
FN:3,Skeleton
FNF:1
FNH:1
FNDA:3271,Skeleton
DA:7,3271
LF:1
LH:1
BRF:0
BRH:0
end_of_record
TN:
SF:src/components/ui/sonner.tsx
FN:20,Toaster
FNF:1
FNH:0
FNDA:0,Toaster
DA:21,0
DA:23,0
LF:2
LH:0
BRF:0
BRH:0
end_of_record
TN:
SF:src/constants/arweave.ts
FNF:0
FNH:0
DA:16,2
DA:19,2
DA:20,2
DA:21,0
DA:22,0
DA:23,0
DA:25,0
DA:29,2
DA:35,2
DA:38,2
DA:41,2
LF:11
LH:7
BRDA:20,0,0,0
BRDA:20,0,1,2
BRF:2
BRH:1
end_of_record
TN:
SF:src/constants/cache.ts
FNF:0
FNH:0
DA:11,3
DA:14,3
DA:17,3
DA:20,3
DA:23,3
DA:30,3
DA:33,3
LF:7
LH:7
BRF:0
BRH:0
end_of_record
TN:
SF:src/constants/nostr.ts
FN:51,(anonymous_0)
FNF:1
FNH:0
FNDA:0,(anonymous_0)
DA:9,10
DA:12,10
DA:15,10
DA:18,10
DA:21,10
DA:24,10
DA:27,10
DA:30,10
DA:33,10
DA:36,10
DA:39,10
DA:48,10
DA:49,10
DA:50,10
DA:51,0
LF:15
LH:14
BRDA:50,0,0,0
BRDA:50,0,1,10
BRF:2
BRH:1
end_of_record
TN:
SF:src/constants/routes.ts
FN:42,encodePathSegment
FN:57,buildRepoPath
FN:74,buildFileBrowserPath
FN:89,(anonymous_3)
FN:105,buildCommitHistoryPath
FN:120,buildCommitPath
FN:134,buildIssueListPath
FN:149,buildIssuePath
FN:163,buildPRListPath
FN:178,buildPRPath
FNF:10
FNH:10
FNDA:592,encodePathSegment
FNDA:264,buildRepoPath
FNDA:6,buildFileBrowserPath
FNDA:7,(anonymous_3)
FNDA:2,buildCommitHistoryPath
FNDA:3,buildCommitPath
FNDA:2,buildIssueListPath
FNDA:3,buildIssuePath
FNDA:2,buildPRListPath
FNDA:3,buildPRPath
DA:21,8
DA:43,592
DA:58,264
DA:80,6
DA:82,6
DA:83,3
DA:87,3
DA:89,7
DA:92,3
DA:106,2
DA:121,3
DA:135,2
DA:150,3
DA:164,2
DA:179,3
DA:192,8
LF:16
LH:16
BRDA:82,0,0,3
BRDA:82,0,1,3
BRDA:82,1,0,6
BRDA:82,1,1,3
BRF:4
BRH:4
end_of_record
TN:
SF:src/contexts/ThemeContext.tsx
FN:20,getSystemTheme
FN:30,getStoredTheme
FN:48,ThemeProvider
FN:53,(anonymous_3)
FN:60,(anonymous_4)
FN:74,(anonymous_5)
FN:79,(anonymous_6)
FN:90,(anonymous_7)
FN:93,(anonymous_8)
FN:103,(anonymous_9)
FN:115,useTheme
FNF:11
FNH:11
FNDA:116,getSystemTheme
FNDA:118,getStoredTheme
FNDA:71,ThemeProvider
FNDA:59,(anonymous_3)
FNDA:64,(anonymous_4)
FNDA:64,(anonymous_5)
FNDA:2,(anonymous_6)
FNDA:58,(anonymous_7)
FNDA:5,(anonymous_8)
FNDA:70,(anonymous_9)
FNDA:123,useTheme
DA:11,4
DA:15,4
DA:21,116
DA:22,116
DA:31,118
DA:32,118
DA:33,118
DA:34,118
DA:35,2
DA:38,0
DA:40,116
DA:49,71
DA:52,71
DA:54,59
DA:55,59
DA:60,71
DA:61,64
DA:62,64
DA:64,64
DA:65,5
DA:67,59
DA:70,64
DA:74,71
DA:75,64
DA:77,58
DA:79,58
DA:80,2
DA:81,2
DA:82,1
DA:84,1
DA:86,2
DA:89,58
DA:90,58
DA:93,71
DA:94,5
DA:95,5
DA:96,5
DA:98,0
DA:102,71
DA:103,70
DA:107,71
DA:116,123
DA:117,123
DA:118,2
DA:120,120
LF:45
LH:43
BRDA:21,0,0,0
BRDA:21,0,1,116
BRDA:22,1,0,2
BRDA:22,1,1,114
BRDA:31,2,0,0
BRDA:31,2,1,118
BRDA:34,3,0,2
BRDA:34,3,1,116
BRDA:34,4,0,118
BRDA:34,4,1,118
BRDA:34,4,2,116
BRDA:55,5,0,58
BRDA:55,5,1,1
BRDA:62,6,0,58
BRDA:62,6,1,6
BRDA:64,7,0,5
BRDA:64,7,1,59
BRDA:75,8,0,6
BRDA:75,8,1,58
BRDA:80,9,0,1
BRDA:80,9,1,1
BRDA:81,10,0,1
BRDA:81,10,1,1
BRDA:117,11,0,2
BRDA:117,11,1,121
BRF:25
BRH:23
end_of_record
TN:
SF:src/features/repository/RepoCard.tsx
FN:28,RepoCard
FN:35,(anonymous_1)
FN:39,checkTruncation
FN:52,(anonymous_3)
FN:56,(anonymous_4)
FN:57,(anonymous_5)
FN:64,(anonymous_6)
FN:71,(anonymous_7)
FN:110,(anonymous_8)
FN:129,(anonymous_9)
FN:152,(anonymous_10)
FN:177,(anonymous_11)
FNF:12
FNH:12
FNDA:260,RepoCard
FNDA:105,(anonymous_1)
FNDA:101,checkTruncation
FNDA:101,(anonymous_3)
FNDA:105,(anonymous_4)
FNDA:105,(anonymous_5)
FNDA:3,(anonymous_6)
FNDA:1,(anonymous_7)
FNDA:5,(anonymous_8)
FNDA:264,(anonymous_9)
FNDA:273,(anonymous_10)
FNDA:3,(anonymous_11)
DA:29,260
DA:30,260
DA:31,260
DA:32,260
DA:33,260
DA:35,260
DA:36,105
DA:37,105
DA:40,101
DA:41,101
DA:45,101
DA:49,101
DA:50,101
DA:52,101
DA:56,260
DA:57,105
DA:58,105
DA:59,2
DA:64,260
DA:65,3
DA:66,3
DA:67,2
DA:68,2
DA:69,0
DA:71,2
DA:77,260
DA:78,260
DA:80,260
DA:110,5
DA:130,264
DA:153,273
DA:177,3
LF:32
LH:31
BRDA:37,0,0,4
BRDA:37,0,1,101
BRDA:40,1,0,101
BRDA:40,1,1,0
BRDA:58,2,0,2
BRDA:58,2,1,103
BRDA:68,3,0,0
BRDA:68,3,1,2
BRDA:78,4,0,257
BRDA:78,4,1,3
BRDA:97,5,0,255
BRDA:97,5,1,5
BRDA:101,6,0,252
BRDA:101,6,1,3
BRDA:104,7,0,255
BRDA:104,7,1,245
BRDA:104,7,2,10
BRDA:114,8,0,3
BRDA:114,8,1,7
BRDA:125,9,0,260
BRDA:125,9,1,258
BRDA:134,10,0,258
BRDA:134,10,1,2
BRDA:150,11,0,260
BRDA:150,11,1,258
BRDA:160,12,0,258
BRDA:160,12,1,3
BRDA:169,13,0,260
BRDA:169,13,1,257
BRDA:180,14,0,2
BRDA:180,14,1,255
BRDA:186,15,0,257
BRDA:186,15,1,2
BRDA:198,16,0,260
BRDA:198,16,1,200
BRF:35
BRH:33
end_of_record
TN:
SF:src/features/repository/hooks/useReadme.ts
FN:30,isAllowedUrl
FN:46,useReadme
FN:54,(anonymous_2)
FNF:3
FNH:3
FNDA:75,isAllowedUrl
FNDA:176,useReadme
FNDA:31,(anonymous_2)
DA:21,5
DA:31,75
DA:32,75
DA:33,75
DA:35,0
DA:47,176
DA:48,176
DA:52,176
DA:56,31
DA:57,29
DA:58,4
DA:63,25
DA:64,25
DA:65,2
DA:68,23
DA:69,23
DA:70,0
DA:73,23
LF:18
LH:16
BRDA:33,0,0,75
BRDA:33,0,1,6
BRDA:47,1,0,75
BRDA:47,1,1,101
BRDA:48,2,0,69
BRDA:48,2,1,107
BRDA:48,3,0,176
BRDA:48,3,1,75
BRDA:57,4,0,4
BRDA:57,4,1,25
BRDA:64,5,0,2
BRDA:64,5,1,23
BRDA:64,6,0,25
BRDA:64,6,1,2
BRDA:69,7,0,0
BRDA:69,7,1,23
BRDA:75,8,0,176
BRDA:75,8,1,101
BRF:18
BRH:17
end_of_record
TN:
SF:src/features/repository/hooks/useRealtimeRepositories.ts
FN:36,extractRepoName
FN:37,(anonymous_1)
FN:52,useRealtimeRepositories
FN:55,(anonymous_3)
FN:56,(anonymous_4)
FN:64,(anonymous_5)
FNF:6
FNH:6
FNDA:11,extractRepoName
FNDA:18,(anonymous_1)
FNDA:14,useRealtimeRepositories
FNDA:14,(anonymous_3)
FNDA:11,(anonymous_4)
FNDA:14,(anonymous_5)
DA:26,1
DA:37,18
DA:38,11
DA:40,11
DA:41,1
DA:43,10
DA:53,14
DA:55,14
DA:56,14
DA:57,11
DA:58,11
DA:59,11
DA:64,14
DA:65,14
LF:14
LH:14
BRDA:38,0,0,11
BRDA:38,0,1,3
BRDA:38,0,2,1
BRDA:40,1,0,1
BRDA:40,1,1,10
BRF:5
BRH:5
end_of_record
TN:
SF:src/features/repository/hooks/useRelayStatus.ts
FN:25,useRelayStatus
FN:42,(anonymous_1)
FN:55,(anonymous_2)
FN:56,updateAge
FN:65,(anonymous_4)
FN:69,(anonymous_5)
FNF:6
FNH:5
FNDA:354,useRelayStatus
FNDA:0,(anonymous_1)
FNDA:189,(anonymous_2)
FNDA:190,updateAge
FNDA:189,(anonymous_4)
FNDA:1,(anonymous_5)
DA:35,354
DA:40,354
DA:42,0
DA:47,354
DA:48,354
DA:49,354
DA:50,354
DA:53,354
DA:55,354
DA:57,190
DA:58,113
DA:59,113
DA:61,77
DA:63,189
DA:64,189
DA:65,189
DA:69,354
DA:70,1
DA:73,354
LF:19
LH:18
BRDA:47,0,0,354
BRDA:47,0,1,121
BRDA:48,1,0,354
BRDA:48,1,1,121
BRDA:49,2,0,354
BRDA:49,2,1,121
BRDA:50,3,0,354
BRDA:50,3,1,121
BRDA:57,4,0,113
BRDA:57,4,1,77
BRF:10
BRH:10
end_of_record
TN:
SF:src/features/repository/hooks/useRepositories.ts
FN:36,deduplicateRepositories
FN:59,useRepositories
FN:64,(anonymous_2)
FNF:3
FNH:3
FNDA:57,deduplicateRepositories
FNDA:204,useRepositories
FNDA:65,(anonymous_2)
DA:37,57
DA:38,57
DA:39,90
DA:40,90
DA:41,90
DA:44,57
DA:60,204
DA:62,204
DA:65,65
DA:67,53
DA:68,53
LF:11
LH:11
BRDA:40,0,0,90
BRDA:40,0,1,0
BRDA:40,1,0,90
BRDA:40,1,1,5
BRF:4
BRH:3
end_of_record
TN:
SF:src/features/repository/hooks/useRepository.ts
FN:38,useRepository
FN:43,(anonymous_1)
FN:49,(anonymous_2)
FN:51,(anonymous_3)
FN:57,(anonymous_4)
FN:63,(anonymous_5)
FNF:6
FNH:4
FNDA:174,useRepository
FNDA:56,(anonymous_1)
FNDA:41,(anonymous_2)
FNDA:228,(anonymous_3)
FNDA:0,(anonymous_4)
FNDA:0,(anonymous_5)
DA:39,174
DA:41,174
DA:44,56
DA:48,50
DA:49,50
DA:52,228
DA:55,228
DA:56,0
DA:57,0
DA:64,0
LF:10
LH:7
BRDA:49,0,0,50
BRDA:49,0,1,12
BRDA:49,1,0,41
BRDA:49,1,1,39
BRDA:55,2,0,228
BRDA:55,2,1,0
BRDA:57,3,0,0
BRDA:57,3,1,0
BRDA:57,4,0,0
BRDA:57,4,1,0
BRF:10
BRH:5
end_of_record
TN:
SF:src/lib/arweave.ts
FN:65,fetchManifest
FN:97,fetchFile
FN:126,resolveArNS
FNF:3
FNH:3
FNDA:7,fetchManifest
FNDA:4,fetchFile
FNDA:3,resolveArNS
DA:22,1
DA:33,1
DA:66,7
DA:67,7
DA:68,4
DA:69,1
DA:73,3
DA:74,3
DA:75,1
DA:77,2
DA:79,5
DA:80,5
DA:98,4
DA:99,4
DA:100,2
DA:101,1
DA:105,1
DA:107,3
DA:108,3
DA:127,3
DA:128,3
DA:129,2
DA:138,1
DA:139,1
LF:24
LH:24
BRDA:68,0,0,1
BRDA:68,0,1,3
BRDA:74,1,0,1
BRDA:74,1,1,2
BRDA:74,2,0,3
BRDA:74,2,1,2
BRDA:79,3,0,5
BRDA:79,3,1,0
BRDA:100,4,0,1
BRDA:100,4,1,1
BRDA:107,5,0,3
BRDA:107,5,1,0
BRDA:138,6,0,1
BRDA:138,6,1,0
BRF:14
BRH:11
end_of_record
TN:
SF:src/lib/cache.ts
FN:18,(anonymous_0)
FN:43,cacheEvent
FN:89,getCachedEvent
FN:127,cacheFile
FN:168,getCachedFile
FN:194,invalidateCache
FN:216,clearExpired
FN:234,evictLRU
FN:248,(anonymous_8)
FN:248,(anonymous_9)
FN:254,(anonymous_10)
FN:254,(anonymous_11)
FNF:12
FNH:12
FNDA:2,(anonymous_0)
FNDA:37,cacheEvent
FNDA:22,getCachedEvent
FNDA:13,cacheFile
FNDA:8,getCachedFile
FNDA:30,invalidateCache
FNDA:2,clearExpired
FNDA:4,evictLRU
FNDA:14,(anonymous_8)
FNDA:14,(anonymous_9)
FNDA:5,(anonymous_10)
FNDA:5,(anonymous_11)
DA:19,2
DA:20,2
DA:31,2
DA:34,2
DA:50,37
DA:51,3
DA:52,3
DA:55,34
DA:56,34
DA:57,34
DA:67,34
DA:72,34
DA:73,1
DA:75,33
DA:78,0
DA:93,22
DA:94,22
DA:99,22
DA:100,10
DA:103,12
DA:104,12
DA:107,12
DA:111,12
DA:116,0
DA:117,0
DA:133,13
DA:134,2
DA:135,2
DA:138,11
DA:139,11
DA:140,11
DA:149,11
DA:151,11
DA:152,6
DA:154,5
DA:157,0
DA:172,8
DA:173,8
DA:175,8
DA:176,1
DA:180,7
DA:182,7
DA:184,0
DA:185,0
DA:198,30
DA:199,30
DA:201,1
DA:204,29
DA:207,0
DA:217,2
DA:218,2
DA:219,2
DA:221,0
DA:235,4
DA:237,4
DA:242,4
DA:248,14
DA:249,4
DA:250,3
DA:254,5
DA:255,4
DA:256,3
DA:259,4
DA:261,0
DA:262,0
LF:65
LH:55
BRDA:50,0,0,3
BRDA:50,0,1,34
BRDA:50,1,0,37
BRDA:50,1,1,36
BRDA:50,1,2,35
BRDA:72,2,0,1
BRDA:72,2,1,33
BRDA:99,3,0,10
BRDA:99,3,1,12
BRDA:133,4,0,2
BRDA:133,4,1,11
BRDA:133,5,0,13
BRDA:133,5,1,12
BRDA:151,6,0,6
BRDA:151,6,1,5
BRDA:175,7,0,1
BRDA:175,7,1,7
BRDA:199,8,0,1
BRDA:199,8,1,29
BRDA:249,9,0,3
BRDA:249,9,1,1
BRDA:255,10,0,3
BRDA:255,10,1,1
BRF:23
BRH:23
end_of_record
TN:
SF:src/lib/format.ts
FN:15,truncatePubkey
FN:27,formatRelativeTime
FNF:2
FNH:2
FNDA:635,truncatePubkey
FNDA:356,formatRelativeTime
DA:16,635
DA:17,46
DA:28,356
DA:29,3
DA:31,353
LF:5
LH:5
BRDA:16,0,0,589
BRDA:16,0,1,46
BRDA:28,1,0,3
BRDA:28,1,1,353
BRF:4
BRH:4
end_of_record
TN:
SF:src/lib/nostr.ts
FN:53,queryEvents
FN:61,(anonymous_1)
FN:94,queryEventsWithMeta
FN:102,(anonymous_3)
FN:107,(anonymous_4)
FN:157,(anonymous_5)
FN:192,validateAndTransform
FN:203,(anonymous_7)
FN:213,(anonymous_8)
FN:235,fetchRepositories
FN:251,fetchRepositoriesWithMeta
FN:268,fetchIssues
FN:281,fetchPullRequests
FN:294,fetchPatches
FN:309,fetchComments
FN:327,subscribeToRepositories
FN:339,(anonymous_16)
FN:361,destroyPool
FNF:18
FNH:18
FNDA:23,queryEvents
FNDA:18,(anonymous_1)
FNDA:13,queryEventsWithMeta
FNDA:39,(anonymous_3)
FNDA:29,(anonymous_4)
FNDA:39,(anonymous_5)
FNDA:27,validateAndTransform
FNDA:25,(anonymous_7)
FNDA:25,(anonymous_8)
FNDA:11,fetchRepositories
FNDA:13,fetchRepositoriesWithMeta
FNDA:3,fetchIssues
FNDA:3,fetchPullRequests
FNDA:3,fetchPatches
FNDA:3,fetchComments
FNDA:5,subscribeToRepositories
FNDA:3,(anonymous_16)
FNDA:1,destroyPool
DA:40,2
DA:57,23
DA:58,23
DA:61,16
DA:62,18
DA:63,18
DA:65,6
DA:67,18
DA:70,16
DA:72,7
DA:73,7
DA:98,13
DA:99,13
DA:101,13
DA:103,39
DA:104,39
DA:105,39
DA:107,29
DA:108,29
DA:109,29
DA:110,29
DA:112,29
DA:120,10
DA:133,13
DA:134,13
DA:135,13
DA:137,13
DA:138,39
DA:139,39
DA:140,39
DA:147,39
DA:148,29
DA:149,27
DA:150,13
DA:151,13
DA:157,39
DA:160,13
DA:161,2
DA:169,11
DA:176,11
DA:198,27
DA:200,19
DA:202,19
DA:204,25
DA:205,25
DA:206,25
DA:208,5
DA:209,5
DA:210,5
DA:213,25
DA:216,19
DA:217,1
DA:225,18
DA:236,11
DA:237,8
DA:255,13
DA:256,11
DA:257,11
DA:269,3
DA:270,2
DA:282,3
DA:283,2
DA:295,3
DA:296,2
DA:310,3
DA:311,2
DA:333,5
DA:335,5
DA:340,3
DA:341,3
DA:342,2
DA:343,2
DA:345,1
DA:362,1
LF:74
LH:74
BRDA:55,0,0,23
BRDA:63,1,0,6
BRDA:63,1,1,12
BRDA:72,2,0,7
BRDA:72,2,1,0
BRDA:96,3,0,13
BRDA:109,4,0,2
BRDA:109,4,1,27
BRDA:126,5,0,8
BRDA:126,5,1,2
BRDA:138,6,0,39
BRDA:138,6,1,0
BRDA:139,7,0,0
BRDA:139,7,1,39
BRDA:147,8,0,29
BRDA:147,8,1,10
BRDA:149,9,0,13
BRDA:149,9,1,14
BRDA:160,10,0,2
BRDA:160,10,1,11
BRDA:198,11,0,8
BRDA:198,11,1,19
BRDA:216,12,0,1
BRDA:216,12,1,18
BRDA:235,13,0,11
BRDA:251,14,0,13
BRDA:268,15,0,3
BRDA:281,16,0,3
BRDA:294,17,0,3
BRDA:309,18,0,3
BRDA:341,19,0,2
BRDA:341,19,1,1
BRF:32
BRH:29
end_of_record
TN:
SF:src/lib/query-client.ts
FN:63,(anonymous_0)
FN:94,(anonymous_1)
FN:97,(anonymous_2)
FN:100,(anonymous_3)
FN:103,(anonymous_4)
FN:106,(anonymous_5)
FN:125,(anonymous_6)
FN:142,(anonymous_7)
FN:145,(anonymous_8)
FN:148,(anonymous_9)
FN:166,(anonymous_10)
FN:169,(anonymous_11)
FN:172,(anonymous_12)
FN:191,(anonymous_13)
FN:194,(anonymous_14)
FNF:15
FNH:15
FNDA:5,(anonymous_0)
FNDA:631,(anonymous_1)
FNDA:2,(anonymous_2)
FNDA:1,(anonymous_3)
FNDA:179,(anonymous_4)
FNDA:178,(anonymous_5)
FNDA:462,(anonymous_6)
FNDA:8,(anonymous_7)
FNDA:6,(anonymous_8)
FNDA:1,(anonymous_9)
FNDA:3,(anonymous_10)
FNDA:1,(anonymous_11)
FNDA:1,(anonymous_12)
FNDA:3,(anonymous_13)
FNDA:2,(anonymous_14)
DA:41,12
DA:64,5
DA:92,12
DA:94,631
DA:97,2
DA:100,1
DA:103,179
DA:106,178
DA:123,12
DA:125,462
DA:140,12
DA:142,8
DA:145,6
DA:149,1
DA:164,12
DA:166,3
DA:169,1
DA:173,1
DA:189,12
DA:191,3
DA:195,2
LF:21
LH:21
BRF:0
BRH:0
end_of_record
TN:
SF:src/lib/relay-badge-variant.ts
FN:23,getRelayBadgeVariant
FNF:1
FNH:1
FNDA:376,getRelayBadgeVariant
DA:27,376
DA:28,371
DA:29,371
DA:30,376
DA:31,301
DA:36,70
DA:37,65
DA:42,5
LF:8
LH:8
BRDA:27,0,0,5
BRDA:27,0,1,371
BRDA:27,1,0,376
BRDA:27,1,1,372
BRDA:29,2,0,9
BRDA:29,2,1,362
BRDA:30,3,0,301
BRDA:30,3,1,75
BRDA:36,4,0,65
BRDA:36,4,1,5
BRF:10
BRH:10
end_of_record
TN:
SF:src/lib/utils.ts
FN:4,cn
FNF:1
FNH:1
FNDA:6092,cn
DA:5,6092
LF:1
LH:1
BRF:0
BRH:0
end_of_record
TN:
SF:src/lib/transformers/eventToComment.ts
FN:22,eventToComment
FN:24,(anonymous_1)
FN:27,(anonymous_2)
FN:37,(anonymous_3)
FNF:4
FNH:4
FNDA:9,eventToComment
FNDA:9,(anonymous_1)
FNDA:2,(anonymous_2)
FNDA:14,(anonymous_3)
DA:24,9
DA:27,9
DA:29,9
DA:31,9
DA:32,1
DA:33,1
DA:37,14
DA:38,8
DA:41,9
DA:44,9
DA:46,9
LF:11
LH:11
BRDA:24,0,0,9
BRDA:24,0,1,8
BRDA:27,1,0,2
BRDA:27,1,1,7
BRDA:29,2,0,9
BRDA:29,2,1,2
BRDA:29,2,2,1
BRDA:31,3,0,1
BRDA:31,3,1,8
BRDA:37,4,0,14
BRDA:37,4,1,10
BRDA:38,5,0,8
BRDA:38,5,1,6
BRDA:41,6,0,9
BRDA:41,6,1,6
BRF:15
BRH:15
end_of_record
TN:
SF:src/lib/transformers/eventToIssue.ts
FN:17,eventToIssue
FNF:1
FNH:1
FNDA:9,eventToIssue
DA:19,9
DA:20,9
DA:21,1
DA:22,1
DA:26,8
DA:27,8
DA:28,1
DA:29,1
DA:33,7
DA:34,9
DA:36,9
LF:11
LH:11
BRDA:20,0,0,1
BRDA:20,0,1,8
BRDA:27,1,0,1
BRDA:27,1,1,7
BRDA:33,2,0,7
BRDA:33,2,1,5
BRF:6
BRH:6
end_of_record
TN:
SF:src/lib/transformers/eventToPatch.ts
FN:19,eventToPatch
FN:42,(anonymous_1)
FNF:2
FNH:2
FNDA:15,eventToPatch
FNDA:48,(anonymous_1)
DA:21,15
DA:22,15
DA:23,1
DA:24,1
DA:28,14
DA:29,14
DA:30,1
DA:31,1
DA:35,13
DA:36,13
DA:37,1
DA:38,1
DA:42,48
DA:43,12
DA:44,1
DA:45,1
DA:49,11
DA:50,15
DA:51,15
DA:52,15
DA:53,15
DA:56,15
DA:59,15
DA:64,15
DA:65,15
DA:66,15
DA:68,15
LF:27
LH:27
BRDA:22,0,0,1
BRDA:22,0,1,14
BRDA:29,1,0,1
BRDA:29,1,1,13
BRDA:36,2,0,1
BRDA:36,2,1,12
BRDA:43,3,0,1
BRDA:43,3,1,11
BRDA:49,4,0,11
BRDA:49,4,1,0
BRDA:50,5,0,15
BRDA:50,5,1,1
BRDA:51,6,0,10
BRDA:51,6,1,1
BRDA:52,7,0,1
BRDA:52,7,1,10
BRDA:53,8,0,15
BRDA:53,8,1,1
BRDA:64,9,0,15
BRDA:64,9,1,0
BRDA:66,10,0,1
BRDA:66,10,1,10
BRF:22
BRH:20
end_of_record
TN:
SF:src/lib/transformers/eventToPullRequest.ts
FN:17,eventToPullRequest
FNF:1
FNH:1
FNDA:9,eventToPullRequest
DA:19,9
DA:20,9
DA:21,1
DA:22,1
DA:26,8
DA:27,8
DA:28,1
DA:29,1
DA:33,7
DA:34,9
DA:35,9
DA:36,9
DA:37,9
DA:38,9
DA:39,9
DA:41,9
LF:16
LH:16
BRDA:20,0,0,1
BRDA:20,0,1,8
BRDA:27,1,0,1
BRDA:27,1,1,7
BRDA:33,2,0,7
BRDA:33,2,1,6
BRF:6
BRH:6
end_of_record
TN:
SF:src/lib/transformers/eventToRepository.ts
FN:17,eventToRepository
FN:36,(anonymous_1)
FN:39,(anonymous_2)
FN:44,(anonymous_3)
FN:47,(anonymous_4)
FNF:5
FNH:5
FNDA:25,eventToRepository
FNDA:51,(anonymous_1)
FNDA:50,(anonymous_2)
FNDA:5,(anonymous_3)
FNDA:55,(anonymous_4)
DA:19,25
DA:20,25
DA:21,1
DA:22,1
DA:26,24
DA:27,24
DA:28,25
DA:31,25
DA:32,25
DA:33,25
DA:36,51
DA:37,25
DA:39,50
DA:40,25
DA:43,25
DA:44,25
DA:47,55
DA:48,25
DA:50,25
LF:19
LH:19
BRDA:20,0,0,1
BRDA:20,0,1,24
BRDA:27,1,0,24
BRDA:27,1,1,10
BRDA:28,2,0,25
BRDA:28,2,1,23
BRDA:37,3,0,2
BRDA:37,3,1,22
BRDA:40,4,0,2
BRDA:40,4,1,22
BRDA:47,5,0,55
BRDA:47,5,1,3
BRDA:48,6,0,25
BRDA:48,6,1,22
BRF:14
BRH:14
end_of_record
TN:
SF:src/lib/transformers/helpers.ts
FN:15,getTagValue
FN:16,(anonymous_1)
FN:27,getTagValues
FN:29,(anonymous_3)
FN:30,(anonymous_4)
FN:41,getATag
FNF:6
FNH:6
FNDA:224,getTagValue
FNDA:478,(anonymous_1)
FNDA:106,getTagValues
FNDA:265,(anonymous_3)
FNDA:33,(anonymous_4)
FNDA:38,getATag
DA:16,478
DA:17,224
DA:28,106
DA:29,265
DA:30,33
DA:42,38
LF:6
LH:6
BRDA:17,0,0,224
BRDA:17,0,1,101
BRDA:29,1,0,265
BRDA:29,1,1,34
BRF:4
BRH:4
end_of_record
TN:
SF:src/lib/transformers/index.ts
FNF:0
FNH:0
LF:0
LH:0
BRF:0
BRH:0
end_of_record
TN:
SF:src/pages/CommitDetail.tsx
FN:9,Component
FNF:1
FNH:1
FNDA:1,Component
DA:10,1
DA:12,1
DA:25,1
LF:3
LH:3
BRF:0
BRH:0
end_of_record
TN:
SF:src/pages/CommitHistory.tsx
FN:9,Component
FNF:1
FNH:1
FNDA:4,Component
DA:10,4
DA:12,4
DA:22,1
LF:3
LH:3
BRF:0
BRH:0
end_of_record
TN:
SF:src/pages/FileBrowser.tsx
FN:9,Component
FNF:1
FNH:1
FNDA:3,Component
DA:10,3
DA:12,3
DA:30,1
LF:3
LH:3
BRDA:20,0,0,3
BRDA:20,0,1,2
BRF:2
BRH:2
end_of_record
TN:
SF:src/pages/Home.tsx
FN:35,RepositoryGridSkeleton
FN:39,(anonymous_1)
FN:71,Component
FN:82,(anonymous_3)
FN:83,(anonymous_4)
FN:84,(anonymous_5)
FN:88,(anonymous_6)
FN:89,handleKeyDown
FN:103,(anonymous_8)
FN:107,(anonymous_9)
FN:110,(anonymous_10)
FN:113,handleClear
FN:149,(anonymous_12)
FN:185,(anonymous_13)
FN:210,(anonymous_14)
FNF:15
FNH:15
FNDA:49,RepositoryGridSkeleton
FNDA:294,(anonymous_1)
FNDA:181,Component
FNDA:88,(anonymous_3)
FNDA:5,(anonymous_4)
FNDA:88,(anonymous_5)
FNDA:49,(anonymous_6)
FNDA:36,handleKeyDown
FNDA:49,(anonymous_8)
FNDA:181,(anonymous_9)
FNDA:12,(anonymous_10)
FNDA:1,handleClear
FNDA:1,(anonymous_12)
FNDA:38,(anonymous_13)
FNDA:197,(anonymous_14)
DA:36,49
DA:40,294
DA:72,181
DA:73,181
DA:74,181
DA:77,181
DA:78,181
DA:79,181
DA:82,181
DA:83,88
DA:84,88
DA:88,181
DA:90,36
DA:92,0
DA:93,0
DA:94,36
DA:95,0
DA:98,0
DA:99,0
DA:102,49
DA:103,49
DA:107,181
DA:108,181
DA:109,5
DA:110,12
DA:114,1
DA:115,1
DA:116,1
DA:119,181
DA:149,1
DA:185,38
DA:211,197
DA:238,4
LF:33
LH:28
BRDA:90,0,0,36
BRDA:90,0,1,0
BRDA:94,1,0,0
BRDA:94,1,1,36
BRDA:94,2,0,36
BRDA:94,2,1,0
BRDA:94,2,2,0
BRDA:94,2,3,0
BRDA:108,3,0,176
BRDA:108,3,1,5
BRDA:108,4,0,181
BRDA:108,4,1,5
BRDA:108,5,0,176
BRDA:108,5,1,63
BRDA:123,6,0,181
BRDA:123,6,1,118
BRDA:123,6,2,98
BRDA:125,7,0,5
BRDA:125,7,1,93
BRDA:127,8,0,19
BRDA:127,8,1,74
BRDA:132,9,0,181
BRDA:132,9,1,49
BRDA:134,10,0,181
BRDA:134,10,1,14
BRDA:141,11,0,12
BRDA:141,11,1,2
BRDA:156,12,0,181
BRDA:156,12,1,118
BRDA:156,12,2,20
BRDA:172,13,0,181
BRDA:172,13,1,118
BRDA:172,13,2,98
BRDA:187,14,0,42
BRDA:187,14,1,56
BRDA:189,15,0,42
BRDA:189,15,1,56
BRDA:208,16,0,97
BRDA:208,16,1,1
BRF:39
BRH:34
end_of_record
TN:
SF:src/pages/IssueDetail.tsx
FN:9,Component
FNF:1
FNH:1
FNDA:1,Component
DA:10,1
DA:12,1
DA:22,1
LF:3
LH:3
BRF:0
BRH:0
end_of_record
TN:
SF:src/pages/IssueList.tsx
FN:9,Component
FNF:1
FNH:1
FNDA:2,Component
DA:10,2
DA:12,2
DA:22,1
LF:3
LH:3
BRF:0
BRH:0
end_of_record
TN:
SF:src/pages/NotFound.tsx
FN:9,Component
FNF:1
FNH:1
FNDA:3,Component
DA:10,3
DA:24,1
LF:2
LH:2
BRF:0
BRH:0
end_of_record
TN:
SF:src/pages/PRDetail.tsx
FN:9,Component
FNF:1
FNH:1
FNDA:1,Component
DA:10,1
DA:12,1
DA:22,1
LF:3
LH:3
BRF:0
BRH:0
end_of_record
TN:
SF:src/pages/PRList.tsx
FN:9,Component
FNF:1
FNH:1
FNDA:1,Component
DA:10,1
DA:12,1
DA:22,1
LF:3
LH:3
BRF:0
BRH:0
end_of_record
TN:
SF:src/pages/RepoDetail.tsx
FN:42,Component
FN:57,(anonymous_1)
FN:58,(anonymous_2)
FN:65,(anonymous_3)
FN:72,(anonymous_4)
FN:146,(anonymous_5)
FN:222,(anonymous_6)
FN:252,(anonymous_7)
FN:276,(anonymous_8)
FN:338,isSafeUrl
FN:353,omitNode
FN:361,ReadmeContent
FN:409,(anonymous_12)
FN:410,(anonymous_13)
FN:411,(anonymous_14)
FN:412,(anonymous_15)
FN:413,(anonymous_16)
FN:414,(anonymous_17)
FN:417,(anonymous_18)
FN:432,(anonymous_19)
FNF:20
FNH:16
FNDA:162,Component
FNDA:49,(anonymous_1)
FNDA:49,(anonymous_2)
FNDA:2,(anonymous_3)
FNDA:0,(anonymous_4)
FNDA:1,(anonymous_5)
FNDA:106,(anonymous_6)
FNDA:2,(anonymous_7)
FNDA:128,(anonymous_8)
FNDA:62,isSafeUrl
FNDA:12,omitNode
FNDA:88,ReadmeContent
FNDA:6,(anonymous_12)
FNDA:1,(anonymous_13)
FNDA:1,(anonymous_14)
FNDA:0,(anonymous_15)
FNDA:0,(anonymous_16)
FNDA:0,(anonymous_17)
FNDA:2,(anonymous_18)
FNDA:2,(anonymous_19)
DA:43,162
DA:44,162
DA:46,162
DA:47,162
DA:52,162
DA:54,162
DA:55,162
DA:57,162
DA:58,49
DA:59,49
DA:60,1
DA:65,162
DA:66,2
DA:67,2
DA:68,1
DA:69,1
DA:70,0
DA:72,1
DA:79,162
DA:80,49
DA:122,113
DA:123,6
DA:127,6
DA:146,1
DA:156,107
DA:157,19
DA:184,88
DA:185,162
DA:187,162
DA:223,106
DA:252,2
DA:277,128
DA:328,4
DA:339,62
DA:340,62
DA:341,62
DA:343,0
DA:354,12
DA:355,12
DA:370,88
DA:371,26
DA:378,62
DA:379,46
DA:391,16
DA:392,1
DA:399,15
DA:409,6
DA:410,1
DA:411,1
DA:412,0
DA:413,0
DA:414,0
DA:418,2
DA:419,2
DA:433,2
DA:434,2
DA:435,2
DA:436,2
DA:437,1
DA:443,1
LF:60
LH:55
BRDA:43,0,0,162
BRDA:43,1,0,162
BRDA:46,2,0,162
BRDA:46,2,1,107
BRDA:47,3,0,162
BRDA:47,3,1,74
BRDA:59,4,0,1
BRDA:59,4,1,48
BRDA:69,5,0,0
BRDA:69,5,1,1
BRDA:79,6,0,49
BRDA:79,6,1,113
BRDA:122,7,0,6
BRDA:122,7,1,107
BRDA:123,8,0,4
BRDA:123,8,1,2
BRDA:156,9,0,19
BRDA:156,9,1,88
BRDA:184,10,0,62
BRDA:184,10,1,26
BRDA:185,11,0,58
BRDA:185,11,1,30
BRDA:185,12,0,162
BRDA:185,12,1,62
BRDA:201,13,0,86
BRDA:201,13,1,2
BRDA:214,14,0,162
BRDA:214,14,1,86
BRDA:236,15,0,162
BRDA:236,15,1,58
BRDA:255,16,0,1
BRDA:255,16,1,57
BRDA:261,17,0,58
BRDA:261,17,1,1
BRDA:270,18,0,162
BRDA:270,18,1,86
BRDA:294,19,0,162
BRDA:294,19,1,88
BRDA:341,20,0,62
BRDA:341,20,1,4
BRDA:370,21,0,26
BRDA:370,21,1,62
BRDA:378,22,0,46
BRDA:378,22,1,16
BRDA:391,23,0,1
BRDA:391,23,1,15
BRDA:391,24,0,16
BRDA:391,24,1,15
BRDA:391,24,2,15
BRDA:434,25,0,2
BRDA:434,25,1,1
BRDA:436,26,0,1
BRDA:436,26,1,1
BRF:53
BRH:52
end_of_record
TN:
SF:src/types/common.ts
FN:42,isRigError
FNF:1
FNH:1
FNDA:20,isRigError
DA:43,20
LF:1
LH:1
BRDA:44,0,0,20
BRDA:44,0,1,20
BRDA:44,0,2,20
BRDA:44,0,3,16
BRDA:44,0,4,16
BRDA:44,0,5,16
BRF:6
BRH:6
end_of_record
TN:
SF:src/types/index.ts
FNF:0
FNH:0
LF:0
LH:0
BRF:0
BRH:0
end_of_record
TN:
SF:src/types/nostr.ts
FN:73,(anonymous_0)
FN:73,(anonymous_1)
FN:89,(anonymous_2)
FN:89,(anonymous_3)
FNF:4
FNH:4
FNDA:24,(anonymous_0)
FNDA:20,(anonymous_1)
FNDA:1,(anonymous_2)
FNDA:1,(anonymous_3)
DA:46,4
DA:70,4
DA:73,24
DA:86,4
DA:89,1
DA:103,4
DA:117,4
DA:131,4
DA:145,4
DA:159,4
DA:178,4
LF:11
LH:11
BRDA:73,0,0,20
BRDA:73,0,1,19
BRDA:89,1,0,1
BRDA:89,1,1,1
BRF:4
BRH:4
end_of_record
